[2022-10-30 09:43:29,467] {taskinstance.py:896} INFO - Dependencies all met for <TaskInstance: ml_dag.check_accuracy 2022-10-30T09:43:27.162207+00:00 [queued]>
[2022-10-30 09:43:29,487] {taskinstance.py:896} INFO - Dependencies all met for <TaskInstance: ml_dag.check_accuracy 2022-10-30T09:43:27.162207+00:00 [queued]>
[2022-10-30 09:43:29,487] {taskinstance.py:1087} INFO - 
--------------------------------------------------------------------------------
[2022-10-30 09:43:29,487] {taskinstance.py:1088} INFO - Starting attempt 1 of 1
[2022-10-30 09:43:29,488] {taskinstance.py:1089} INFO - 
--------------------------------------------------------------------------------
[2022-10-30 09:43:29,498] {taskinstance.py:1107} INFO - Executing <Task(BranchPythonOperator): check_accuracy> on 2022-10-30T09:43:27.162207+00:00
[2022-10-30 09:43:29,501] {standard_task_runner.py:52} INFO - Started process 353 to run task
[2022-10-30 09:43:29,506] {standard_task_runner.py:76} INFO - Running: ['airflow', 'tasks', 'run', 'ml_dag', 'check_accuracy', '2022-10-30T09:43:27.162207+00:00', '--job-id', '6', '--pool', 'default_pool', '--raw', '--subdir', 'DAGS_FOLDER/branching.py', '--cfg-path', '/tmp/tmpwn_xe5fi', '--error-file', '/tmp/tmp3dij8yij']
[2022-10-30 09:43:29,509] {standard_task_runner.py:77} INFO - Job 6: Subtask check_accuracy
[2022-10-30 09:43:29,557] {logging_mixin.py:104} INFO - Running <TaskInstance: ml_dag.check_accuracy 2022-10-30T09:43:27.162207+00:00 [running]> on host 4f324a9bb170
[2022-10-30 09:43:29,618] {taskinstance.py:1302} INFO - Exporting the following env vars:
AIRFLOW_CTX_DAG_OWNER=airflow
AIRFLOW_CTX_DAG_ID=ml_dag
AIRFLOW_CTX_TASK_ID=check_accuracy
AIRFLOW_CTX_EXECUTION_DATE=2022-10-30T09:43:27.162207+00:00
AIRFLOW_CTX_DAG_RUN_ID=manual__2022-10-30T09:43:27.162207+00:00
[2022-10-30 09:43:29,619] {python.py:151} INFO - Done. Returned value was: accurate
[2022-10-30 09:43:29,619] {skipmixin.py:124} INFO - Following branch accurate
[2022-10-30 09:43:29,629] {skipmixin.py:155} INFO - Skipping tasks ['inaccurate']
[2022-10-30 09:43:29,688] {taskinstance.py:1211} INFO - Marking task as SUCCESS. dag_id=ml_dag, task_id=check_accuracy, execution_date=20221030T094327, start_date=20221030T094329, end_date=20221030T094329
[2022-10-30 09:43:29,722] {taskinstance.py:1265} INFO - 1 downstream tasks scheduled from follow-on schedule check
[2022-10-30 09:43:29,757] {local_task_job.py:151} INFO - Task exited with return code 0
