[2022-10-30 09:42:50,212] {taskinstance.py:896} INFO - Dependencies all met for <TaskInstance: ml_dag.check_accuracy 2022-10-30T00:00:00+00:00 [queued]>
[2022-10-30 09:42:50,236] {taskinstance.py:896} INFO - Dependencies all met for <TaskInstance: ml_dag.check_accuracy 2022-10-30T00:00:00+00:00 [queued]>
[2022-10-30 09:42:50,236] {taskinstance.py:1087} INFO - 
--------------------------------------------------------------------------------
[2022-10-30 09:42:50,236] {taskinstance.py:1088} INFO - Starting attempt 1 of 1
[2022-10-30 09:42:50,237] {taskinstance.py:1089} INFO - 
--------------------------------------------------------------------------------
[2022-10-30 09:42:50,248] {taskinstance.py:1107} INFO - Executing <Task(BranchPythonOperator): check_accuracy> on 2022-10-30T00:00:00+00:00
[2022-10-30 09:42:50,252] {standard_task_runner.py:52} INFO - Started process 334 to run task
[2022-10-30 09:42:50,259] {standard_task_runner.py:76} INFO - Running: ['airflow', 'tasks', 'run', 'ml_dag', 'check_accuracy', '2022-10-30T00:00:00+00:00', '--job-id', '3', '--pool', 'default_pool', '--raw', '--subdir', 'DAGS_FOLDER/branching.py', '--cfg-path', '/tmp/tmplc4yhw78', '--error-file', '/tmp/tmp3o_9shqy']
[2022-10-30 09:42:50,265] {standard_task_runner.py:77} INFO - Job 3: Subtask check_accuracy
[2022-10-30 09:42:50,328] {logging_mixin.py:104} INFO - Running <TaskInstance: ml_dag.check_accuracy 2022-10-30T00:00:00+00:00 [running]> on host 4f324a9bb170
[2022-10-30 09:42:50,446] {taskinstance.py:1302} INFO - Exporting the following env vars:
AIRFLOW_CTX_DAG_OWNER=airflow
AIRFLOW_CTX_DAG_ID=ml_dag
AIRFLOW_CTX_TASK_ID=check_accuracy
AIRFLOW_CTX_EXECUTION_DATE=2022-10-30T00:00:00+00:00
AIRFLOW_CTX_DAG_RUN_ID=scheduled__2022-10-30T00:00:00+00:00
[2022-10-30 09:42:50,447] {python.py:151} INFO - Done. Returned value was: accurate
[2022-10-30 09:42:50,448] {skipmixin.py:124} INFO - Following branch accurate
[2022-10-30 09:42:50,468] {skipmixin.py:155} INFO - Skipping tasks ['inaccurate']
[2022-10-30 09:42:50,551] {taskinstance.py:1211} INFO - Marking task as SUCCESS. dag_id=ml_dag, task_id=check_accuracy, execution_date=20221030T000000, start_date=20221030T094250, end_date=20221030T094250
[2022-10-30 09:42:50,608] {taskinstance.py:1265} INFO - 1 downstream tasks scheduled from follow-on schedule check
[2022-10-30 09:42:50,633] {local_task_job.py:151} INFO - Task exited with return code 0
