[2022-12-20 21:54:52,470] {scheduler_job.py:182} INFO - Started process (PID=152) to work on /opt/airflow/dags/branching.py
[2022-12-20 21:54:52,472] {scheduler_job.py:633} INFO - Processing file /opt/airflow/dags/branching.py for tasks to queue
[2022-12-20 21:54:52,474] {logging_mixin.py:104} INFO - [2022-12-20 21:54:52,474] {dagbag.py:496} INFO - Filling up the DagBag from /opt/airflow/dags/branching.py
[2022-12-20 21:54:52,517] {scheduler_job.py:643} INFO - DAG(s) dict_keys(['ml_dag']) retrieved from /opt/airflow/dags/branching.py
[2022-12-20 21:54:52,538] {logging_mixin.py:104} INFO - [2022-12-20 21:54:52,538] {dag.py:1833} INFO - Sync 1 DAGs
[2022-12-20 21:54:52,566] {logging_mixin.py:104} INFO - [2022-12-20 21:54:52,566] {dag.py:2306} INFO - Setting next_dagrun for ml_dag to 2022-10-30T00:00:00+00:00
[2022-12-20 21:54:52,581] {scheduler_job.py:190} INFO - Processing /opt/airflow/dags/branching.py took 0.122 seconds
[2022-12-20 21:55:22,706] {scheduler_job.py:182} INFO - Started process (PID=162) to work on /opt/airflow/dags/branching.py
[2022-12-20 21:55:22,709] {scheduler_job.py:633} INFO - Processing file /opt/airflow/dags/branching.py for tasks to queue
[2022-12-20 21:55:22,711] {logging_mixin.py:104} INFO - [2022-12-20 21:55:22,711] {dagbag.py:496} INFO - Filling up the DagBag from /opt/airflow/dags/branching.py
[2022-12-20 21:55:22,743] {scheduler_job.py:643} INFO - DAG(s) dict_keys(['ml_dag']) retrieved from /opt/airflow/dags/branching.py
[2022-12-20 21:55:22,774] {logging_mixin.py:104} INFO - [2022-12-20 21:55:22,774] {dag.py:1833} INFO - Sync 1 DAGs
[2022-12-20 21:55:22,808] {logging_mixin.py:104} INFO - [2022-12-20 21:55:22,808] {dag.py:2306} INFO - Setting next_dagrun for ml_dag to 2022-10-30T00:00:00+00:00
[2022-12-20 21:55:22,828] {scheduler_job.py:190} INFO - Processing /opt/airflow/dags/branching.py took 0.130 seconds
[2022-12-20 21:55:52,995] {scheduler_job.py:182} INFO - Started process (PID=172) to work on /opt/airflow/dags/branching.py
[2022-12-20 21:55:52,998] {scheduler_job.py:633} INFO - Processing file /opt/airflow/dags/branching.py for tasks to queue
[2022-12-20 21:55:53,000] {logging_mixin.py:104} INFO - [2022-12-20 21:55:53,000] {dagbag.py:496} INFO - Filling up the DagBag from /opt/airflow/dags/branching.py
[2022-12-20 21:55:53,022] {scheduler_job.py:643} INFO - DAG(s) dict_keys(['ml_dag']) retrieved from /opt/airflow/dags/branching.py
[2022-12-20 21:55:53,052] {logging_mixin.py:104} INFO - [2022-12-20 21:55:53,052] {dag.py:1833} INFO - Sync 1 DAGs
[2022-12-20 21:55:53,077] {logging_mixin.py:104} INFO - [2022-12-20 21:55:53,077] {dag.py:2306} INFO - Setting next_dagrun for ml_dag to 2022-10-30T00:00:00+00:00
[2022-12-20 21:55:53,094] {scheduler_job.py:190} INFO - Processing /opt/airflow/dags/branching.py took 0.106 seconds
[2022-12-20 21:56:23,260] {scheduler_job.py:182} INFO - Started process (PID=182) to work on /opt/airflow/dags/branching.py
[2022-12-20 21:56:23,262] {scheduler_job.py:633} INFO - Processing file /opt/airflow/dags/branching.py for tasks to queue
[2022-12-20 21:56:23,263] {logging_mixin.py:104} INFO - [2022-12-20 21:56:23,263] {dagbag.py:496} INFO - Filling up the DagBag from /opt/airflow/dags/branching.py
[2022-12-20 21:56:23,285] {scheduler_job.py:643} INFO - DAG(s) dict_keys(['ml_dag']) retrieved from /opt/airflow/dags/branching.py
[2022-12-20 21:56:23,316] {logging_mixin.py:104} INFO - [2022-12-20 21:56:23,316] {dag.py:1833} INFO - Sync 1 DAGs
[2022-12-20 21:56:23,340] {logging_mixin.py:104} INFO - [2022-12-20 21:56:23,339] {dag.py:2306} INFO - Setting next_dagrun for ml_dag to 2022-10-30T00:00:00+00:00
[2022-12-20 21:56:23,363] {scheduler_job.py:190} INFO - Processing /opt/airflow/dags/branching.py took 0.108 seconds
[2022-12-20 21:56:53,430] {scheduler_job.py:182} INFO - Started process (PID=192) to work on /opt/airflow/dags/branching.py
[2022-12-20 21:56:53,432] {scheduler_job.py:633} INFO - Processing file /opt/airflow/dags/branching.py for tasks to queue
[2022-12-20 21:56:53,434] {logging_mixin.py:104} INFO - [2022-12-20 21:56:53,433] {dagbag.py:496} INFO - Filling up the DagBag from /opt/airflow/dags/branching.py
[2022-12-20 21:56:53,459] {scheduler_job.py:643} INFO - DAG(s) dict_keys(['ml_dag']) retrieved from /opt/airflow/dags/branching.py
[2022-12-20 21:56:53,497] {logging_mixin.py:104} INFO - [2022-12-20 21:56:53,497] {dag.py:1833} INFO - Sync 1 DAGs
[2022-12-20 21:56:53,528] {logging_mixin.py:104} INFO - [2022-12-20 21:56:53,528] {dag.py:2306} INFO - Setting next_dagrun for ml_dag to 2022-10-30T00:00:00+00:00
[2022-12-20 21:56:53,548] {scheduler_job.py:190} INFO - Processing /opt/airflow/dags/branching.py took 0.124 seconds
[2022-12-20 21:57:23,734] {scheduler_job.py:182} INFO - Started process (PID=202) to work on /opt/airflow/dags/branching.py
[2022-12-20 21:57:23,736] {scheduler_job.py:633} INFO - Processing file /opt/airflow/dags/branching.py for tasks to queue
[2022-12-20 21:57:23,738] {logging_mixin.py:104} INFO - [2022-12-20 21:57:23,737] {dagbag.py:496} INFO - Filling up the DagBag from /opt/airflow/dags/branching.py
[2022-12-20 21:57:23,762] {scheduler_job.py:643} INFO - DAG(s) dict_keys(['ml_dag']) retrieved from /opt/airflow/dags/branching.py
[2022-12-20 21:57:23,798] {logging_mixin.py:104} INFO - [2022-12-20 21:57:23,798] {dag.py:1833} INFO - Sync 1 DAGs
[2022-12-20 21:57:23,829] {logging_mixin.py:104} INFO - [2022-12-20 21:57:23,829] {dag.py:2306} INFO - Setting next_dagrun for ml_dag to 2022-10-30T00:00:00+00:00
[2022-12-20 21:57:23,850] {scheduler_job.py:190} INFO - Processing /opt/airflow/dags/branching.py took 0.122 seconds
[2022-12-20 21:57:54,011] {scheduler_job.py:182} INFO - Started process (PID=212) to work on /opt/airflow/dags/branching.py
[2022-12-20 21:57:54,014] {scheduler_job.py:633} INFO - Processing file /opt/airflow/dags/branching.py for tasks to queue
[2022-12-20 21:57:54,015] {logging_mixin.py:104} INFO - [2022-12-20 21:57:54,015] {dagbag.py:496} INFO - Filling up the DagBag from /opt/airflow/dags/branching.py
[2022-12-20 21:57:54,040] {scheduler_job.py:643} INFO - DAG(s) dict_keys(['ml_dag']) retrieved from /opt/airflow/dags/branching.py
[2022-12-20 21:57:54,071] {logging_mixin.py:104} INFO - [2022-12-20 21:57:54,071] {dag.py:1833} INFO - Sync 1 DAGs
[2022-12-20 21:57:54,094] {logging_mixin.py:104} INFO - [2022-12-20 21:57:54,093] {dag.py:2306} INFO - Setting next_dagrun for ml_dag to 2022-10-30T00:00:00+00:00
[2022-12-20 21:57:54,114] {scheduler_job.py:190} INFO - Processing /opt/airflow/dags/branching.py took 0.109 seconds
[2022-12-20 21:58:24,262] {scheduler_job.py:182} INFO - Started process (PID=222) to work on /opt/airflow/dags/branching.py
[2022-12-20 21:58:24,266] {scheduler_job.py:633} INFO - Processing file /opt/airflow/dags/branching.py for tasks to queue
[2022-12-20 21:58:24,268] {logging_mixin.py:104} INFO - [2022-12-20 21:58:24,267] {dagbag.py:496} INFO - Filling up the DagBag from /opt/airflow/dags/branching.py
[2022-12-20 21:58:24,300] {scheduler_job.py:643} INFO - DAG(s) dict_keys(['ml_dag']) retrieved from /opt/airflow/dags/branching.py
[2022-12-20 21:58:24,346] {logging_mixin.py:104} INFO - [2022-12-20 21:58:24,345] {dag.py:1833} INFO - Sync 1 DAGs
[2022-12-20 21:58:24,388] {logging_mixin.py:104} INFO - [2022-12-20 21:58:24,388] {dag.py:2306} INFO - Setting next_dagrun for ml_dag to 2022-10-30T00:00:00+00:00
[2022-12-20 21:58:24,416] {scheduler_job.py:190} INFO - Processing /opt/airflow/dags/branching.py took 0.162 seconds
[2022-12-20 21:58:54,524] {scheduler_job.py:182} INFO - Started process (PID=232) to work on /opt/airflow/dags/branching.py
[2022-12-20 21:58:54,526] {scheduler_job.py:633} INFO - Processing file /opt/airflow/dags/branching.py for tasks to queue
[2022-12-20 21:58:54,527] {logging_mixin.py:104} INFO - [2022-12-20 21:58:54,527] {dagbag.py:496} INFO - Filling up the DagBag from /opt/airflow/dags/branching.py
[2022-12-20 21:58:54,553] {scheduler_job.py:643} INFO - DAG(s) dict_keys(['ml_dag']) retrieved from /opt/airflow/dags/branching.py
[2022-12-20 21:58:54,584] {logging_mixin.py:104} INFO - [2022-12-20 21:58:54,584] {dag.py:1833} INFO - Sync 1 DAGs
[2022-12-20 21:58:54,605] {logging_mixin.py:104} INFO - [2022-12-20 21:58:54,605] {dag.py:2306} INFO - Setting next_dagrun for ml_dag to 2022-10-30T00:00:00+00:00
[2022-12-20 21:58:54,618] {scheduler_job.py:190} INFO - Processing /opt/airflow/dags/branching.py took 0.101 seconds
[2022-12-20 21:59:24,787] {scheduler_job.py:182} INFO - Started process (PID=242) to work on /opt/airflow/dags/branching.py
[2022-12-20 21:59:24,789] {scheduler_job.py:633} INFO - Processing file /opt/airflow/dags/branching.py for tasks to queue
[2022-12-20 21:59:24,790] {logging_mixin.py:104} INFO - [2022-12-20 21:59:24,790] {dagbag.py:496} INFO - Filling up the DagBag from /opt/airflow/dags/branching.py
[2022-12-20 21:59:24,816] {scheduler_job.py:643} INFO - DAG(s) dict_keys(['ml_dag']) retrieved from /opt/airflow/dags/branching.py
[2022-12-20 21:59:24,848] {logging_mixin.py:104} INFO - [2022-12-20 21:59:24,848] {dag.py:1833} INFO - Sync 1 DAGs
[2022-12-20 21:59:24,871] {logging_mixin.py:104} INFO - [2022-12-20 21:59:24,871] {dag.py:2306} INFO - Setting next_dagrun for ml_dag to 2022-10-30T00:00:00+00:00
[2022-12-20 21:59:24,889] {scheduler_job.py:190} INFO - Processing /opt/airflow/dags/branching.py took 0.106 seconds
[2022-12-20 21:59:54,980] {scheduler_job.py:182} INFO - Started process (PID=252) to work on /opt/airflow/dags/branching.py
[2022-12-20 21:59:54,982] {scheduler_job.py:633} INFO - Processing file /opt/airflow/dags/branching.py for tasks to queue
[2022-12-20 21:59:54,983] {logging_mixin.py:104} INFO - [2022-12-20 21:59:54,983] {dagbag.py:496} INFO - Filling up the DagBag from /opt/airflow/dags/branching.py
[2022-12-20 21:59:55,003] {scheduler_job.py:643} INFO - DAG(s) dict_keys(['ml_dag']) retrieved from /opt/airflow/dags/branching.py
[2022-12-20 21:59:55,033] {logging_mixin.py:104} INFO - [2022-12-20 21:59:55,033] {dag.py:1833} INFO - Sync 1 DAGs
[2022-12-20 21:59:55,053] {logging_mixin.py:104} INFO - [2022-12-20 21:59:55,053] {dag.py:2306} INFO - Setting next_dagrun for ml_dag to 2022-10-30T00:00:00+00:00
[2022-12-20 21:59:55,070] {scheduler_job.py:190} INFO - Processing /opt/airflow/dags/branching.py took 0.096 seconds
[2022-12-20 22:00:25,145] {scheduler_job.py:182} INFO - Started process (PID=262) to work on /opt/airflow/dags/branching.py
[2022-12-20 22:00:25,147] {scheduler_job.py:633} INFO - Processing file /opt/airflow/dags/branching.py for tasks to queue
[2022-12-20 22:00:25,148] {logging_mixin.py:104} INFO - [2022-12-20 22:00:25,148] {dagbag.py:496} INFO - Filling up the DagBag from /opt/airflow/dags/branching.py
[2022-12-20 22:00:25,171] {scheduler_job.py:643} INFO - DAG(s) dict_keys(['ml_dag']) retrieved from /opt/airflow/dags/branching.py
[2022-12-20 22:00:25,201] {logging_mixin.py:104} INFO - [2022-12-20 22:00:25,200] {dag.py:1833} INFO - Sync 1 DAGs
[2022-12-20 22:00:25,224] {logging_mixin.py:104} INFO - [2022-12-20 22:00:25,224] {dag.py:2306} INFO - Setting next_dagrun for ml_dag to 2022-10-30T00:00:00+00:00
[2022-12-20 22:00:25,243] {scheduler_job.py:190} INFO - Processing /opt/airflow/dags/branching.py took 0.104 seconds
[2022-12-20 22:00:55,436] {scheduler_job.py:182} INFO - Started process (PID=272) to work on /opt/airflow/dags/branching.py
[2022-12-20 22:00:55,442] {scheduler_job.py:633} INFO - Processing file /opt/airflow/dags/branching.py for tasks to queue
[2022-12-20 22:00:55,445] {logging_mixin.py:104} INFO - [2022-12-20 22:00:55,445] {dagbag.py:496} INFO - Filling up the DagBag from /opt/airflow/dags/branching.py
[2022-12-20 22:00:55,507] {scheduler_job.py:643} INFO - DAG(s) dict_keys(['ml_dag']) retrieved from /opt/airflow/dags/branching.py
[2022-12-20 22:00:55,546] {logging_mixin.py:104} INFO - [2022-12-20 22:00:55,545] {dag.py:1833} INFO - Sync 1 DAGs
[2022-12-20 22:00:55,573] {logging_mixin.py:104} INFO - [2022-12-20 22:00:55,573] {dag.py:2306} INFO - Setting next_dagrun for ml_dag to 2022-10-30T00:00:00+00:00
[2022-12-20 22:00:55,586] {scheduler_job.py:190} INFO - Processing /opt/airflow/dags/branching.py took 0.162 seconds
[2022-12-20 22:01:25,763] {scheduler_job.py:182} INFO - Started process (PID=282) to work on /opt/airflow/dags/branching.py
[2022-12-20 22:01:25,766] {scheduler_job.py:633} INFO - Processing file /opt/airflow/dags/branching.py for tasks to queue
[2022-12-20 22:01:25,771] {logging_mixin.py:104} INFO - [2022-12-20 22:01:25,771] {dagbag.py:496} INFO - Filling up the DagBag from /opt/airflow/dags/branching.py
[2022-12-20 22:01:25,804] {scheduler_job.py:643} INFO - DAG(s) dict_keys(['ml_dag']) retrieved from /opt/airflow/dags/branching.py
[2022-12-20 22:01:25,840] {logging_mixin.py:104} INFO - [2022-12-20 22:01:25,840] {dag.py:1833} INFO - Sync 1 DAGs
[2022-12-20 22:01:25,868] {logging_mixin.py:104} INFO - [2022-12-20 22:01:25,868] {dag.py:2306} INFO - Setting next_dagrun for ml_dag to 2022-10-30T00:00:00+00:00
[2022-12-20 22:01:25,943] {scheduler_job.py:190} INFO - Processing /opt/airflow/dags/branching.py took 0.187 seconds
[2022-12-20 22:01:56,132] {scheduler_job.py:182} INFO - Started process (PID=292) to work on /opt/airflow/dags/branching.py
[2022-12-20 22:01:56,134] {scheduler_job.py:633} INFO - Processing file /opt/airflow/dags/branching.py for tasks to queue
[2022-12-20 22:01:56,135] {logging_mixin.py:104} INFO - [2022-12-20 22:01:56,134] {dagbag.py:496} INFO - Filling up the DagBag from /opt/airflow/dags/branching.py
[2022-12-20 22:01:56,160] {scheduler_job.py:643} INFO - DAG(s) dict_keys(['ml_dag']) retrieved from /opt/airflow/dags/branching.py
[2022-12-20 22:01:56,190] {logging_mixin.py:104} INFO - [2022-12-20 22:01:56,190] {dag.py:1833} INFO - Sync 1 DAGs
[2022-12-20 22:01:56,211] {logging_mixin.py:104} INFO - [2022-12-20 22:01:56,211] {dag.py:2306} INFO - Setting next_dagrun for ml_dag to 2022-10-30T00:00:00+00:00
[2022-12-20 22:01:56,232] {scheduler_job.py:190} INFO - Processing /opt/airflow/dags/branching.py took 0.106 seconds
[2022-12-20 22:02:26,438] {scheduler_job.py:182} INFO - Started process (PID=302) to work on /opt/airflow/dags/branching.py
[2022-12-20 22:02:26,440] {scheduler_job.py:633} INFO - Processing file /opt/airflow/dags/branching.py for tasks to queue
[2022-12-20 22:02:26,441] {logging_mixin.py:104} INFO - [2022-12-20 22:02:26,441] {dagbag.py:496} INFO - Filling up the DagBag from /opt/airflow/dags/branching.py
[2022-12-20 22:02:26,470] {scheduler_job.py:643} INFO - DAG(s) dict_keys(['ml_dag']) retrieved from /opt/airflow/dags/branching.py
[2022-12-20 22:02:26,495] {logging_mixin.py:104} INFO - [2022-12-20 22:02:26,495] {dag.py:1833} INFO - Sync 1 DAGs
[2022-12-20 22:02:26,515] {logging_mixin.py:104} INFO - [2022-12-20 22:02:26,515] {dag.py:2306} INFO - Setting next_dagrun for ml_dag to 2022-10-30T00:00:00+00:00
[2022-12-20 22:02:26,536] {scheduler_job.py:190} INFO - Processing /opt/airflow/dags/branching.py took 0.107 seconds
