[2022-12-20 21:54:52,440] {scheduler_job.py:182} INFO - Started process (PID=154) to work on /opt/airflow/dags/my_dag.py
[2022-12-20 21:54:52,442] {scheduler_job.py:633} INFO - Processing file /opt/airflow/dags/my_dag.py for tasks to queue
[2022-12-20 21:54:52,443] {logging_mixin.py:104} INFO - [2022-12-20 21:54:52,443] {dagbag.py:496} INFO - Filling up the DagBag from /opt/airflow/dags/my_dag.py
[2022-12-20 21:54:52,478] {scheduler_job.py:643} INFO - DAG(s) dict_keys(['my_dag']) retrieved from /opt/airflow/dags/my_dag.py
[2022-12-20 21:54:52,505] {logging_mixin.py:104} INFO - [2022-12-20 21:54:52,505] {dag.py:1833} INFO - Sync 1 DAGs
[2022-12-20 21:54:52,545] {logging_mixin.py:104} INFO - [2022-12-20 21:54:52,545] {dag.py:2306} INFO - Setting next_dagrun for my_dag to 2022-12-19 00:00:00+00:00
[2022-12-20 21:54:52,561] {scheduler_job.py:190} INFO - Processing /opt/airflow/dags/my_dag.py took 0.132 seconds
[2022-12-20 21:55:22,708] {scheduler_job.py:182} INFO - Started process (PID=165) to work on /opt/airflow/dags/my_dag.py
[2022-12-20 21:55:22,710] {scheduler_job.py:633} INFO - Processing file /opt/airflow/dags/my_dag.py for tasks to queue
[2022-12-20 21:55:22,711] {logging_mixin.py:104} INFO - [2022-12-20 21:55:22,711] {dagbag.py:496} INFO - Filling up the DagBag from /opt/airflow/dags/my_dag.py
[2022-12-20 21:55:22,740] {scheduler_job.py:643} INFO - DAG(s) dict_keys(['my_dag']) retrieved from /opt/airflow/dags/my_dag.py
[2022-12-20 21:55:22,771] {logging_mixin.py:104} INFO - [2022-12-20 21:55:22,771] {dag.py:1833} INFO - Sync 1 DAGs
[2022-12-20 21:55:22,812] {logging_mixin.py:104} INFO - [2022-12-20 21:55:22,812] {dag.py:2306} INFO - Setting next_dagrun for my_dag to 2022-12-19 00:00:00+00:00
[2022-12-20 21:55:22,830] {scheduler_job.py:190} INFO - Processing /opt/airflow/dags/my_dag.py took 0.127 seconds
[2022-12-20 21:55:52,995] {scheduler_job.py:182} INFO - Started process (PID=174) to work on /opt/airflow/dags/my_dag.py
[2022-12-20 21:55:52,997] {scheduler_job.py:633} INFO - Processing file /opt/airflow/dags/my_dag.py for tasks to queue
[2022-12-20 21:55:52,998] {logging_mixin.py:104} INFO - [2022-12-20 21:55:52,998] {dagbag.py:496} INFO - Filling up the DagBag from /opt/airflow/dags/my_dag.py
[2022-12-20 21:55:53,014] {scheduler_job.py:643} INFO - DAG(s) dict_keys(['my_dag']) retrieved from /opt/airflow/dags/my_dag.py
[2022-12-20 21:55:53,052] {logging_mixin.py:104} INFO - [2022-12-20 21:55:53,052] {dag.py:1833} INFO - Sync 1 DAGs
[2022-12-20 21:55:53,083] {logging_mixin.py:104} INFO - [2022-12-20 21:55:53,083] {dag.py:2306} INFO - Setting next_dagrun for my_dag to 2022-12-19 00:00:00+00:00
[2022-12-20 21:55:53,095] {scheduler_job.py:190} INFO - Processing /opt/airflow/dags/my_dag.py took 0.104 seconds
[2022-12-20 21:56:23,264] {scheduler_job.py:182} INFO - Started process (PID=184) to work on /opt/airflow/dags/my_dag.py
[2022-12-20 21:56:23,266] {scheduler_job.py:633} INFO - Processing file /opt/airflow/dags/my_dag.py for tasks to queue
[2022-12-20 21:56:23,267] {logging_mixin.py:104} INFO - [2022-12-20 21:56:23,267] {dagbag.py:496} INFO - Filling up the DagBag from /opt/airflow/dags/my_dag.py
[2022-12-20 21:56:23,285] {scheduler_job.py:643} INFO - DAG(s) dict_keys(['my_dag']) retrieved from /opt/airflow/dags/my_dag.py
[2022-12-20 21:56:23,316] {logging_mixin.py:104} INFO - [2022-12-20 21:56:23,316] {dag.py:1833} INFO - Sync 1 DAGs
[2022-12-20 21:56:23,343] {logging_mixin.py:104} INFO - [2022-12-20 21:56:23,343] {dag.py:2306} INFO - Setting next_dagrun for my_dag to 2022-12-19 00:00:00+00:00
[2022-12-20 21:56:23,363] {scheduler_job.py:190} INFO - Processing /opt/airflow/dags/my_dag.py took 0.104 seconds
[2022-12-20 21:56:53,434] {scheduler_job.py:182} INFO - Started process (PID=194) to work on /opt/airflow/dags/my_dag.py
[2022-12-20 21:56:53,436] {scheduler_job.py:633} INFO - Processing file /opt/airflow/dags/my_dag.py for tasks to queue
[2022-12-20 21:56:53,437] {logging_mixin.py:104} INFO - [2022-12-20 21:56:53,437] {dagbag.py:496} INFO - Filling up the DagBag from /opt/airflow/dags/my_dag.py
[2022-12-20 21:56:53,458] {scheduler_job.py:643} INFO - DAG(s) dict_keys(['my_dag']) retrieved from /opt/airflow/dags/my_dag.py
[2022-12-20 21:56:53,493] {logging_mixin.py:104} INFO - [2022-12-20 21:56:53,492] {dag.py:1833} INFO - Sync 1 DAGs
[2022-12-20 21:56:53,530] {logging_mixin.py:104} INFO - [2022-12-20 21:56:53,530] {dag.py:2306} INFO - Setting next_dagrun for my_dag to 2022-12-19 00:00:00+00:00
[2022-12-20 21:56:53,549] {scheduler_job.py:190} INFO - Processing /opt/airflow/dags/my_dag.py took 0.121 seconds
[2022-12-20 21:57:23,740] {scheduler_job.py:182} INFO - Started process (PID=205) to work on /opt/airflow/dags/my_dag.py
[2022-12-20 21:57:23,742] {scheduler_job.py:633} INFO - Processing file /opt/airflow/dags/my_dag.py for tasks to queue
[2022-12-20 21:57:23,744] {logging_mixin.py:104} INFO - [2022-12-20 21:57:23,744] {dagbag.py:496} INFO - Filling up the DagBag from /opt/airflow/dags/my_dag.py
[2022-12-20 21:57:23,766] {scheduler_job.py:643} INFO - DAG(s) dict_keys(['my_dag']) retrieved from /opt/airflow/dags/my_dag.py
[2022-12-20 21:57:23,800] {logging_mixin.py:104} INFO - [2022-12-20 21:57:23,800] {dag.py:1833} INFO - Sync 1 DAGs
[2022-12-20 21:57:23,841] {logging_mixin.py:104} INFO - [2022-12-20 21:57:23,841] {dag.py:2306} INFO - Setting next_dagrun for my_dag to 2022-12-19 00:00:00+00:00
[2022-12-20 21:57:23,854] {scheduler_job.py:190} INFO - Processing /opt/airflow/dags/my_dag.py took 0.121 seconds
[2022-12-20 21:57:54,015] {scheduler_job.py:182} INFO - Started process (PID=214) to work on /opt/airflow/dags/my_dag.py
[2022-12-20 21:57:54,018] {scheduler_job.py:633} INFO - Processing file /opt/airflow/dags/my_dag.py for tasks to queue
[2022-12-20 21:57:54,019] {logging_mixin.py:104} INFO - [2022-12-20 21:57:54,019] {dagbag.py:496} INFO - Filling up the DagBag from /opt/airflow/dags/my_dag.py
[2022-12-20 21:57:54,040] {scheduler_job.py:643} INFO - DAG(s) dict_keys(['my_dag']) retrieved from /opt/airflow/dags/my_dag.py
[2022-12-20 21:57:54,069] {logging_mixin.py:104} INFO - [2022-12-20 21:57:54,069] {dag.py:1833} INFO - Sync 1 DAGs
[2022-12-20 21:57:54,101] {logging_mixin.py:104} INFO - [2022-12-20 21:57:54,101] {dag.py:2306} INFO - Setting next_dagrun for my_dag to 2022-12-19 00:00:00+00:00
[2022-12-20 21:57:54,116] {scheduler_job.py:190} INFO - Processing /opt/airflow/dags/my_dag.py took 0.107 seconds
[2022-12-20 21:58:24,269] {scheduler_job.py:182} INFO - Started process (PID=225) to work on /opt/airflow/dags/my_dag.py
[2022-12-20 21:58:24,273] {scheduler_job.py:633} INFO - Processing file /opt/airflow/dags/my_dag.py for tasks to queue
[2022-12-20 21:58:24,275] {logging_mixin.py:104} INFO - [2022-12-20 21:58:24,275] {dagbag.py:496} INFO - Filling up the DagBag from /opt/airflow/dags/my_dag.py
[2022-12-20 21:58:24,300] {scheduler_job.py:643} INFO - DAG(s) dict_keys(['my_dag']) retrieved from /opt/airflow/dags/my_dag.py
[2022-12-20 21:58:24,344] {logging_mixin.py:104} INFO - [2022-12-20 21:58:24,344] {dag.py:1833} INFO - Sync 1 DAGs
[2022-12-20 21:58:24,394] {logging_mixin.py:104} INFO - [2022-12-20 21:58:24,394] {dag.py:2306} INFO - Setting next_dagrun for my_dag to 2022-12-19 00:00:00+00:00
[2022-12-20 21:58:24,418] {scheduler_job.py:190} INFO - Processing /opt/airflow/dags/my_dag.py took 0.157 seconds
[2022-12-20 21:58:54,529] {scheduler_job.py:182} INFO - Started process (PID=234) to work on /opt/airflow/dags/my_dag.py
[2022-12-20 21:58:54,531] {scheduler_job.py:633} INFO - Processing file /opt/airflow/dags/my_dag.py for tasks to queue
[2022-12-20 21:58:54,532] {logging_mixin.py:104} INFO - [2022-12-20 21:58:54,532] {dagbag.py:496} INFO - Filling up the DagBag from /opt/airflow/dags/my_dag.py
[2022-12-20 21:58:54,550] {scheduler_job.py:643} INFO - DAG(s) dict_keys(['my_dag']) retrieved from /opt/airflow/dags/my_dag.py
[2022-12-20 21:58:54,584] {logging_mixin.py:104} INFO - [2022-12-20 21:58:54,584] {dag.py:1833} INFO - Sync 1 DAGs
[2022-12-20 21:58:54,611] {logging_mixin.py:104} INFO - [2022-12-20 21:58:54,611] {dag.py:2306} INFO - Setting next_dagrun for my_dag to 2022-12-19 00:00:00+00:00
[2022-12-20 21:58:54,624] {scheduler_job.py:190} INFO - Processing /opt/airflow/dags/my_dag.py took 0.102 seconds
[2022-12-20 21:59:24,790] {scheduler_job.py:182} INFO - Started process (PID=244) to work on /opt/airflow/dags/my_dag.py
[2022-12-20 21:59:24,791] {scheduler_job.py:633} INFO - Processing file /opt/airflow/dags/my_dag.py for tasks to queue
[2022-12-20 21:59:24,792] {logging_mixin.py:104} INFO - [2022-12-20 21:59:24,792] {dagbag.py:496} INFO - Filling up the DagBag from /opt/airflow/dags/my_dag.py
[2022-12-20 21:59:24,814] {scheduler_job.py:643} INFO - DAG(s) dict_keys(['my_dag']) retrieved from /opt/airflow/dags/my_dag.py
[2022-12-20 21:59:24,848] {logging_mixin.py:104} INFO - [2022-12-20 21:59:24,847] {dag.py:1833} INFO - Sync 1 DAGs
[2022-12-20 21:59:24,878] {logging_mixin.py:104} INFO - [2022-12-20 21:59:24,878] {dag.py:2306} INFO - Setting next_dagrun for my_dag to 2022-12-19 00:00:00+00:00
[2022-12-20 21:59:24,890] {scheduler_job.py:190} INFO - Processing /opt/airflow/dags/my_dag.py took 0.104 seconds
[2022-12-20 21:59:54,985] {scheduler_job.py:182} INFO - Started process (PID=254) to work on /opt/airflow/dags/my_dag.py
[2022-12-20 21:59:54,986] {scheduler_job.py:633} INFO - Processing file /opt/airflow/dags/my_dag.py for tasks to queue
[2022-12-20 21:59:54,987] {logging_mixin.py:104} INFO - [2022-12-20 21:59:54,987] {dagbag.py:496} INFO - Filling up the DagBag from /opt/airflow/dags/my_dag.py
[2022-12-20 21:59:55,004] {scheduler_job.py:643} INFO - DAG(s) dict_keys(['my_dag']) retrieved from /opt/airflow/dags/my_dag.py
[2022-12-20 21:59:55,033] {logging_mixin.py:104} INFO - [2022-12-20 21:59:55,033] {dag.py:1833} INFO - Sync 1 DAGs
[2022-12-20 21:59:55,059] {logging_mixin.py:104} INFO - [2022-12-20 21:59:55,059] {dag.py:2306} INFO - Setting next_dagrun for my_dag to 2022-12-19 00:00:00+00:00
[2022-12-20 21:59:55,071] {scheduler_job.py:190} INFO - Processing /opt/airflow/dags/my_dag.py took 0.091 seconds
[2022-12-20 22:00:25,150] {scheduler_job.py:182} INFO - Started process (PID=264) to work on /opt/airflow/dags/my_dag.py
[2022-12-20 22:00:25,151] {scheduler_job.py:633} INFO - Processing file /opt/airflow/dags/my_dag.py for tasks to queue
[2022-12-20 22:00:25,152] {logging_mixin.py:104} INFO - [2022-12-20 22:00:25,152] {dagbag.py:496} INFO - Filling up the DagBag from /opt/airflow/dags/my_dag.py
[2022-12-20 22:00:25,169] {scheduler_job.py:643} INFO - DAG(s) dict_keys(['my_dag']) retrieved from /opt/airflow/dags/my_dag.py
[2022-12-20 22:00:25,198] {logging_mixin.py:104} INFO - [2022-12-20 22:00:25,198] {dag.py:1833} INFO - Sync 1 DAGs
[2022-12-20 22:00:25,228] {logging_mixin.py:104} INFO - [2022-12-20 22:00:25,228] {dag.py:2306} INFO - Setting next_dagrun for my_dag to 2022-12-19 00:00:00+00:00
[2022-12-20 22:00:25,245] {scheduler_job.py:190} INFO - Processing /opt/airflow/dags/my_dag.py took 0.100 seconds
[2022-12-20 22:00:55,447] {scheduler_job.py:182} INFO - Started process (PID=275) to work on /opt/airflow/dags/my_dag.py
[2022-12-20 22:00:55,453] {scheduler_job.py:633} INFO - Processing file /opt/airflow/dags/my_dag.py for tasks to queue
[2022-12-20 22:00:55,456] {logging_mixin.py:104} INFO - [2022-12-20 22:00:55,455] {dagbag.py:496} INFO - Filling up the DagBag from /opt/airflow/dags/my_dag.py
[2022-12-20 22:00:55,503] {scheduler_job.py:643} INFO - DAG(s) dict_keys(['my_dag']) retrieved from /opt/airflow/dags/my_dag.py
[2022-12-20 22:00:55,545] {logging_mixin.py:104} INFO - [2022-12-20 22:00:55,544] {dag.py:1833} INFO - Sync 1 DAGs
[2022-12-20 22:00:55,582] {logging_mixin.py:104} INFO - [2022-12-20 22:00:55,582] {dag.py:2306} INFO - Setting next_dagrun for my_dag to 2022-12-19 00:00:00+00:00
[2022-12-20 22:00:55,595] {scheduler_job.py:190} INFO - Processing /opt/airflow/dags/my_dag.py took 0.159 seconds
[2022-12-20 22:01:25,779] {scheduler_job.py:182} INFO - Started process (PID=285) to work on /opt/airflow/dags/my_dag.py
[2022-12-20 22:01:25,782] {scheduler_job.py:633} INFO - Processing file /opt/airflow/dags/my_dag.py for tasks to queue
[2022-12-20 22:01:25,783] {logging_mixin.py:104} INFO - [2022-12-20 22:01:25,783] {dagbag.py:496} INFO - Filling up the DagBag from /opt/airflow/dags/my_dag.py
[2022-12-20 22:01:25,814] {scheduler_job.py:643} INFO - DAG(s) dict_keys(['my_dag']) retrieved from /opt/airflow/dags/my_dag.py
[2022-12-20 22:01:25,847] {logging_mixin.py:104} INFO - [2022-12-20 22:01:25,847] {dag.py:1833} INFO - Sync 1 DAGs
[2022-12-20 22:01:25,892] {logging_mixin.py:104} INFO - [2022-12-20 22:01:25,892] {dag.py:2306} INFO - Setting next_dagrun for my_dag to 2022-12-19 00:00:00+00:00
[2022-12-20 22:01:25,946] {scheduler_job.py:190} INFO - Processing /opt/airflow/dags/my_dag.py took 0.176 seconds
[2022-12-20 22:01:56,134] {scheduler_job.py:182} INFO - Started process (PID=294) to work on /opt/airflow/dags/my_dag.py
[2022-12-20 22:01:56,135] {scheduler_job.py:633} INFO - Processing file /opt/airflow/dags/my_dag.py for tasks to queue
[2022-12-20 22:01:56,136] {logging_mixin.py:104} INFO - [2022-12-20 22:01:56,136] {dagbag.py:496} INFO - Filling up the DagBag from /opt/airflow/dags/my_dag.py
[2022-12-20 22:01:56,156] {scheduler_job.py:643} INFO - DAG(s) dict_keys(['my_dag']) retrieved from /opt/airflow/dags/my_dag.py
[2022-12-20 22:01:56,186] {logging_mixin.py:104} INFO - [2022-12-20 22:01:56,186] {dag.py:1833} INFO - Sync 1 DAGs
[2022-12-20 22:01:56,213] {logging_mixin.py:104} INFO - [2022-12-20 22:01:56,213] {dag.py:2306} INFO - Setting next_dagrun for my_dag to 2022-12-19 00:00:00+00:00
[2022-12-20 22:01:56,234] {scheduler_job.py:190} INFO - Processing /opt/airflow/dags/my_dag.py took 0.104 seconds
[2022-12-20 22:02:26,442] {scheduler_job.py:182} INFO - Started process (PID=304) to work on /opt/airflow/dags/my_dag.py
[2022-12-20 22:02:26,444] {scheduler_job.py:633} INFO - Processing file /opt/airflow/dags/my_dag.py for tasks to queue
[2022-12-20 22:02:26,445] {logging_mixin.py:104} INFO - [2022-12-20 22:02:26,445] {dagbag.py:496} INFO - Filling up the DagBag from /opt/airflow/dags/my_dag.py
[2022-12-20 22:02:26,466] {scheduler_job.py:643} INFO - DAG(s) dict_keys(['my_dag']) retrieved from /opt/airflow/dags/my_dag.py
[2022-12-20 22:02:26,491] {logging_mixin.py:104} INFO - [2022-12-20 22:02:26,491] {dag.py:1833} INFO - Sync 1 DAGs
[2022-12-20 22:02:26,514] {logging_mixin.py:104} INFO - [2022-12-20 22:02:26,514] {dag.py:2306} INFO - Setting next_dagrun for my_dag to 2022-12-19 00:00:00+00:00
[2022-12-20 22:02:26,535] {scheduler_job.py:190} INFO - Processing /opt/airflow/dags/my_dag.py took 0.100 seconds
