[2023-03-19 18:58:26,074] {scheduler_job.py:182} INFO - Started process (PID=154) to work on /opt/airflow/dags/branching.py
[2023-03-19 18:58:26,075] {scheduler_job.py:633} INFO - Processing file /opt/airflow/dags/branching.py for tasks to queue
[2023-03-19 18:58:26,076] {logging_mixin.py:104} INFO - [2023-03-19 18:58:26,076] {dagbag.py:496} INFO - Filling up the DagBag from /opt/airflow/dags/branching.py
[2023-03-19 18:58:26,100] {scheduler_job.py:643} INFO - DAG(s) dict_keys(['ml_dag']) retrieved from /opt/airflow/dags/branching.py
[2023-03-19 18:58:26,118] {logging_mixin.py:104} INFO - [2023-03-19 18:58:26,118] {dag.py:1833} INFO - Sync 1 DAGs
[2023-03-19 18:58:26,137] {logging_mixin.py:104} INFO - [2023-03-19 18:58:26,137] {dag.py:2306} INFO - Setting next_dagrun for ml_dag to 2022-10-30T00:00:00+00:00
[2023-03-19 18:58:26,147] {scheduler_job.py:190} INFO - Processing /opt/airflow/dags/branching.py took 0.080 seconds
[2023-03-19 18:58:56,283] {scheduler_job.py:182} INFO - Started process (PID=164) to work on /opt/airflow/dags/branching.py
[2023-03-19 18:58:56,285] {scheduler_job.py:633} INFO - Processing file /opt/airflow/dags/branching.py for tasks to queue
[2023-03-19 18:58:56,286] {logging_mixin.py:104} INFO - [2023-03-19 18:58:56,286] {dagbag.py:496} INFO - Filling up the DagBag from /opt/airflow/dags/branching.py
[2023-03-19 18:58:56,323] {scheduler_job.py:643} INFO - DAG(s) dict_keys(['ml_dag']) retrieved from /opt/airflow/dags/branching.py
[2023-03-19 18:58:56,346] {logging_mixin.py:104} INFO - [2023-03-19 18:58:56,346] {dag.py:1833} INFO - Sync 1 DAGs
[2023-03-19 18:58:56,379] {logging_mixin.py:104} INFO - [2023-03-19 18:58:56,378] {dag.py:2306} INFO - Setting next_dagrun for ml_dag to 2022-10-30T00:00:00+00:00
[2023-03-19 18:58:56,399] {scheduler_job.py:190} INFO - Processing /opt/airflow/dags/branching.py took 0.120 seconds
[2023-03-19 18:59:26,448] {scheduler_job.py:182} INFO - Started process (PID=173) to work on /opt/airflow/dags/branching.py
[2023-03-19 18:59:26,450] {scheduler_job.py:633} INFO - Processing file /opt/airflow/dags/branching.py for tasks to queue
[2023-03-19 18:59:26,452] {logging_mixin.py:104} INFO - [2023-03-19 18:59:26,452] {dagbag.py:496} INFO - Filling up the DagBag from /opt/airflow/dags/branching.py
[2023-03-19 18:59:26,475] {scheduler_job.py:643} INFO - DAG(s) dict_keys(['ml_dag']) retrieved from /opt/airflow/dags/branching.py
[2023-03-19 18:59:26,498] {logging_mixin.py:104} INFO - [2023-03-19 18:59:26,497] {dag.py:1833} INFO - Sync 1 DAGs
[2023-03-19 18:59:26,529] {logging_mixin.py:104} INFO - [2023-03-19 18:59:26,529] {dag.py:2306} INFO - Setting next_dagrun for ml_dag to 2022-10-30T00:00:00+00:00
[2023-03-19 18:59:26,556] {scheduler_job.py:190} INFO - Processing /opt/airflow/dags/branching.py took 0.112 seconds
[2023-03-19 18:59:56,625] {scheduler_job.py:182} INFO - Started process (PID=184) to work on /opt/airflow/dags/branching.py
[2023-03-19 18:59:56,626] {scheduler_job.py:633} INFO - Processing file /opt/airflow/dags/branching.py for tasks to queue
[2023-03-19 18:59:56,627] {logging_mixin.py:104} INFO - [2023-03-19 18:59:56,627] {dagbag.py:496} INFO - Filling up the DagBag from /opt/airflow/dags/branching.py
[2023-03-19 18:59:56,658] {scheduler_job.py:643} INFO - DAG(s) dict_keys(['ml_dag']) retrieved from /opt/airflow/dags/branching.py
[2023-03-19 18:59:56,694] {logging_mixin.py:104} INFO - [2023-03-19 18:59:56,694] {dag.py:1833} INFO - Sync 1 DAGs
[2023-03-19 18:59:56,727] {logging_mixin.py:104} INFO - [2023-03-19 18:59:56,727] {dag.py:2306} INFO - Setting next_dagrun for ml_dag to 2022-10-30T00:00:00+00:00
[2023-03-19 18:59:56,739] {scheduler_job.py:190} INFO - Processing /opt/airflow/dags/branching.py took 0.118 seconds
[2023-03-19 19:00:26,856] {scheduler_job.py:182} INFO - Started process (PID=194) to work on /opt/airflow/dags/branching.py
[2023-03-19 19:00:26,856] {scheduler_job.py:633} INFO - Processing file /opt/airflow/dags/branching.py for tasks to queue
[2023-03-19 19:00:26,857] {logging_mixin.py:104} INFO - [2023-03-19 19:00:26,857] {dagbag.py:496} INFO - Filling up the DagBag from /opt/airflow/dags/branching.py
[2023-03-19 19:00:26,875] {scheduler_job.py:643} INFO - DAG(s) dict_keys(['ml_dag']) retrieved from /opt/airflow/dags/branching.py
[2023-03-19 19:00:26,912] {logging_mixin.py:104} INFO - [2023-03-19 19:00:26,912] {dag.py:1833} INFO - Sync 1 DAGs
[2023-03-19 19:00:26,926] {logging_mixin.py:104} INFO - [2023-03-19 19:00:26,926] {dag.py:2306} INFO - Setting next_dagrun for ml_dag to 2022-10-30T00:00:00+00:00
[2023-03-19 19:00:26,943] {scheduler_job.py:190} INFO - Processing /opt/airflow/dags/branching.py took 0.096 seconds
[2023-03-19 19:00:57,002] {scheduler_job.py:182} INFO - Started process (PID=204) to work on /opt/airflow/dags/branching.py
[2023-03-19 19:00:57,005] {scheduler_job.py:633} INFO - Processing file /opt/airflow/dags/branching.py for tasks to queue
[2023-03-19 19:00:57,006] {logging_mixin.py:104} INFO - [2023-03-19 19:00:57,006] {dagbag.py:496} INFO - Filling up the DagBag from /opt/airflow/dags/branching.py
[2023-03-19 19:00:57,041] {scheduler_job.py:643} INFO - DAG(s) dict_keys(['ml_dag']) retrieved from /opt/airflow/dags/branching.py
[2023-03-19 19:00:57,116] {logging_mixin.py:104} INFO - [2023-03-19 19:00:57,116] {dag.py:1833} INFO - Sync 1 DAGs
[2023-03-19 19:00:57,141] {logging_mixin.py:104} INFO - [2023-03-19 19:00:57,141] {dag.py:2306} INFO - Setting next_dagrun for ml_dag to 2022-10-30T00:00:00+00:00
[2023-03-19 19:00:57,152] {scheduler_job.py:190} INFO - Processing /opt/airflow/dags/branching.py took 0.157 seconds
[2023-03-19 19:01:27,285] {scheduler_job.py:182} INFO - Started process (PID=214) to work on /opt/airflow/dags/branching.py
[2023-03-19 19:01:27,288] {scheduler_job.py:633} INFO - Processing file /opt/airflow/dags/branching.py for tasks to queue
[2023-03-19 19:01:27,289] {logging_mixin.py:104} INFO - [2023-03-19 19:01:27,289] {dagbag.py:496} INFO - Filling up the DagBag from /opt/airflow/dags/branching.py
[2023-03-19 19:01:27,307] {scheduler_job.py:643} INFO - DAG(s) dict_keys(['ml_dag']) retrieved from /opt/airflow/dags/branching.py
[2023-03-19 19:01:27,351] {logging_mixin.py:104} INFO - [2023-03-19 19:01:27,351] {dag.py:1833} INFO - Sync 1 DAGs
[2023-03-19 19:01:27,367] {logging_mixin.py:104} INFO - [2023-03-19 19:01:27,367] {dag.py:2306} INFO - Setting next_dagrun for ml_dag to 2022-10-30T00:00:00+00:00
[2023-03-19 19:01:27,382] {scheduler_job.py:190} INFO - Processing /opt/airflow/dags/branching.py took 0.099 seconds
[2023-03-19 19:01:57,452] {scheduler_job.py:182} INFO - Started process (PID=224) to work on /opt/airflow/dags/branching.py
[2023-03-19 19:01:57,456] {scheduler_job.py:633} INFO - Processing file /opt/airflow/dags/branching.py for tasks to queue
[2023-03-19 19:01:57,457] {logging_mixin.py:104} INFO - [2023-03-19 19:01:57,457] {dagbag.py:496} INFO - Filling up the DagBag from /opt/airflow/dags/branching.py
[2023-03-19 19:01:57,489] {scheduler_job.py:643} INFO - DAG(s) dict_keys(['ml_dag']) retrieved from /opt/airflow/dags/branching.py
[2023-03-19 19:01:57,514] {logging_mixin.py:104} INFO - [2023-03-19 19:01:57,514] {dag.py:1833} INFO - Sync 1 DAGs
[2023-03-19 19:01:57,535] {logging_mixin.py:104} INFO - [2023-03-19 19:01:57,535] {dag.py:2306} INFO - Setting next_dagrun for ml_dag to 2022-10-30T00:00:00+00:00
[2023-03-19 19:01:57,554] {scheduler_job.py:190} INFO - Processing /opt/airflow/dags/branching.py took 0.106 seconds
[2023-03-19 19:02:27,638] {scheduler_job.py:182} INFO - Started process (PID=234) to work on /opt/airflow/dags/branching.py
[2023-03-19 19:02:27,642] {scheduler_job.py:633} INFO - Processing file /opt/airflow/dags/branching.py for tasks to queue
[2023-03-19 19:02:27,642] {logging_mixin.py:104} INFO - [2023-03-19 19:02:27,642] {dagbag.py:496} INFO - Filling up the DagBag from /opt/airflow/dags/branching.py
[2023-03-19 19:02:27,654] {scheduler_job.py:643} INFO - DAG(s) dict_keys(['ml_dag']) retrieved from /opt/airflow/dags/branching.py
[2023-03-19 19:02:27,683] {logging_mixin.py:104} INFO - [2023-03-19 19:02:27,682] {dag.py:1833} INFO - Sync 1 DAGs
[2023-03-19 19:02:27,698] {logging_mixin.py:104} INFO - [2023-03-19 19:02:27,698] {dag.py:2306} INFO - Setting next_dagrun for ml_dag to 2022-10-30T00:00:00+00:00
[2023-03-19 19:02:27,711] {scheduler_job.py:190} INFO - Processing /opt/airflow/dags/branching.py took 0.081 seconds
[2023-03-19 19:02:57,841] {scheduler_job.py:182} INFO - Started process (PID=244) to work on /opt/airflow/dags/branching.py
[2023-03-19 19:02:57,841] {scheduler_job.py:633} INFO - Processing file /opt/airflow/dags/branching.py for tasks to queue
[2023-03-19 19:02:57,842] {logging_mixin.py:104} INFO - [2023-03-19 19:02:57,842] {dagbag.py:496} INFO - Filling up the DagBag from /opt/airflow/dags/branching.py
[2023-03-19 19:02:57,866] {scheduler_job.py:643} INFO - DAG(s) dict_keys(['ml_dag']) retrieved from /opt/airflow/dags/branching.py
[2023-03-19 19:02:57,900] {logging_mixin.py:104} INFO - [2023-03-19 19:02:57,900] {dag.py:1833} INFO - Sync 1 DAGs
[2023-03-19 19:02:57,917] {logging_mixin.py:104} INFO - [2023-03-19 19:02:57,916] {dag.py:2306} INFO - Setting next_dagrun for ml_dag to 2022-10-30T00:00:00+00:00
[2023-03-19 19:02:57,952] {scheduler_job.py:190} INFO - Processing /opt/airflow/dags/branching.py took 0.116 seconds
[2023-03-19 19:03:28,080] {scheduler_job.py:182} INFO - Started process (PID=255) to work on /opt/airflow/dags/branching.py
[2023-03-19 19:03:28,083] {scheduler_job.py:633} INFO - Processing file /opt/airflow/dags/branching.py for tasks to queue
[2023-03-19 19:03:28,084] {logging_mixin.py:104} INFO - [2023-03-19 19:03:28,084] {dagbag.py:496} INFO - Filling up the DagBag from /opt/airflow/dags/branching.py
[2023-03-19 19:03:28,105] {scheduler_job.py:643} INFO - DAG(s) dict_keys(['ml_dag']) retrieved from /opt/airflow/dags/branching.py
[2023-03-19 19:03:28,132] {logging_mixin.py:104} INFO - [2023-03-19 19:03:28,132] {dag.py:1833} INFO - Sync 1 DAGs
[2023-03-19 19:03:28,152] {logging_mixin.py:104} INFO - [2023-03-19 19:03:28,152] {dag.py:2306} INFO - Setting next_dagrun for ml_dag to 2022-10-30T00:00:00+00:00
[2023-03-19 19:03:28,174] {scheduler_job.py:190} INFO - Processing /opt/airflow/dags/branching.py took 0.099 seconds
[2023-03-19 19:03:58,289] {scheduler_job.py:182} INFO - Started process (PID=264) to work on /opt/airflow/dags/branching.py
[2023-03-19 19:03:58,290] {scheduler_job.py:633} INFO - Processing file /opt/airflow/dags/branching.py for tasks to queue
[2023-03-19 19:03:58,290] {logging_mixin.py:104} INFO - [2023-03-19 19:03:58,290] {dagbag.py:496} INFO - Filling up the DagBag from /opt/airflow/dags/branching.py
[2023-03-19 19:03:58,306] {scheduler_job.py:643} INFO - DAG(s) dict_keys(['ml_dag']) retrieved from /opt/airflow/dags/branching.py
[2023-03-19 19:03:58,330] {logging_mixin.py:104} INFO - [2023-03-19 19:03:58,330] {dag.py:1833} INFO - Sync 1 DAGs
[2023-03-19 19:03:58,356] {logging_mixin.py:104} INFO - [2023-03-19 19:03:58,356] {dag.py:2306} INFO - Setting next_dagrun for ml_dag to 2022-10-30T00:00:00+00:00
[2023-03-19 19:03:58,365] {scheduler_job.py:190} INFO - Processing /opt/airflow/dags/branching.py took 0.085 seconds
[2023-03-19 19:04:28,493] {scheduler_job.py:182} INFO - Started process (PID=274) to work on /opt/airflow/dags/branching.py
[2023-03-19 19:04:28,497] {scheduler_job.py:633} INFO - Processing file /opt/airflow/dags/branching.py for tasks to queue
[2023-03-19 19:04:28,498] {logging_mixin.py:104} INFO - [2023-03-19 19:04:28,498] {dagbag.py:496} INFO - Filling up the DagBag from /opt/airflow/dags/branching.py
[2023-03-19 19:04:28,523] {scheduler_job.py:643} INFO - DAG(s) dict_keys(['ml_dag']) retrieved from /opt/airflow/dags/branching.py
[2023-03-19 19:04:28,542] {logging_mixin.py:104} INFO - [2023-03-19 19:04:28,542] {dag.py:1833} INFO - Sync 1 DAGs
[2023-03-19 19:04:28,557] {logging_mixin.py:104} INFO - [2023-03-19 19:04:28,557] {dag.py:2306} INFO - Setting next_dagrun for ml_dag to 2022-10-30T00:00:00+00:00
[2023-03-19 19:04:28,575] {scheduler_job.py:190} INFO - Processing /opt/airflow/dags/branching.py took 0.085 seconds
[2023-03-19 19:04:58,696] {scheduler_job.py:182} INFO - Started process (PID=284) to work on /opt/airflow/dags/branching.py
[2023-03-19 19:04:58,697] {scheduler_job.py:633} INFO - Processing file /opt/airflow/dags/branching.py for tasks to queue
[2023-03-19 19:04:58,697] {logging_mixin.py:104} INFO - [2023-03-19 19:04:58,697] {dagbag.py:496} INFO - Filling up the DagBag from /opt/airflow/dags/branching.py
[2023-03-19 19:04:58,711] {scheduler_job.py:643} INFO - DAG(s) dict_keys(['ml_dag']) retrieved from /opt/airflow/dags/branching.py
[2023-03-19 19:04:58,733] {logging_mixin.py:104} INFO - [2023-03-19 19:04:58,733] {dag.py:1833} INFO - Sync 1 DAGs
[2023-03-19 19:04:58,749] {logging_mixin.py:104} INFO - [2023-03-19 19:04:58,749] {dag.py:2306} INFO - Setting next_dagrun for ml_dag to 2022-10-30T00:00:00+00:00
[2023-03-19 19:04:58,762] {scheduler_job.py:190} INFO - Processing /opt/airflow/dags/branching.py took 0.068 seconds
[2023-03-19 19:05:28,894] {scheduler_job.py:182} INFO - Started process (PID=294) to work on /opt/airflow/dags/branching.py
[2023-03-19 19:05:28,898] {scheduler_job.py:633} INFO - Processing file /opt/airflow/dags/branching.py for tasks to queue
[2023-03-19 19:05:28,899] {logging_mixin.py:104} INFO - [2023-03-19 19:05:28,899] {dagbag.py:496} INFO - Filling up the DagBag from /opt/airflow/dags/branching.py
[2023-03-19 19:05:28,923] {scheduler_job.py:643} INFO - DAG(s) dict_keys(['ml_dag']) retrieved from /opt/airflow/dags/branching.py
[2023-03-19 19:05:28,951] {logging_mixin.py:104} INFO - [2023-03-19 19:05:28,950] {dag.py:1833} INFO - Sync 1 DAGs
[2023-03-19 19:05:28,967] {logging_mixin.py:104} INFO - [2023-03-19 19:05:28,967] {dag.py:2306} INFO - Setting next_dagrun for ml_dag to 2022-10-30T00:00:00+00:00
[2023-03-19 19:05:28,984] {scheduler_job.py:190} INFO - Processing /opt/airflow/dags/branching.py took 0.093 seconds
[2023-03-19 19:05:59,122] {scheduler_job.py:182} INFO - Started process (PID=304) to work on /opt/airflow/dags/branching.py
[2023-03-19 19:05:59,123] {scheduler_job.py:633} INFO - Processing file /opt/airflow/dags/branching.py for tasks to queue
[2023-03-19 19:05:59,123] {logging_mixin.py:104} INFO - [2023-03-19 19:05:59,123] {dagbag.py:496} INFO - Filling up the DagBag from /opt/airflow/dags/branching.py
[2023-03-19 19:05:59,136] {scheduler_job.py:643} INFO - DAG(s) dict_keys(['ml_dag']) retrieved from /opt/airflow/dags/branching.py
[2023-03-19 19:05:59,158] {logging_mixin.py:104} INFO - [2023-03-19 19:05:59,158] {dag.py:1833} INFO - Sync 1 DAGs
[2023-03-19 19:05:59,176] {logging_mixin.py:104} INFO - [2023-03-19 19:05:59,175] {dag.py:2306} INFO - Setting next_dagrun for ml_dag to 2022-10-30T00:00:00+00:00
[2023-03-19 19:05:59,193] {scheduler_job.py:190} INFO - Processing /opt/airflow/dags/branching.py took 0.074 seconds
[2023-03-19 19:06:29,313] {scheduler_job.py:182} INFO - Started process (PID=314) to work on /opt/airflow/dags/branching.py
[2023-03-19 19:06:29,314] {scheduler_job.py:633} INFO - Processing file /opt/airflow/dags/branching.py for tasks to queue
[2023-03-19 19:06:29,314] {logging_mixin.py:104} INFO - [2023-03-19 19:06:29,314] {dagbag.py:496} INFO - Filling up the DagBag from /opt/airflow/dags/branching.py
[2023-03-19 19:06:29,330] {scheduler_job.py:643} INFO - DAG(s) dict_keys(['ml_dag']) retrieved from /opt/airflow/dags/branching.py
[2023-03-19 19:06:29,351] {logging_mixin.py:104} INFO - [2023-03-19 19:06:29,351] {dag.py:1833} INFO - Sync 1 DAGs
[2023-03-19 19:06:29,366] {logging_mixin.py:104} INFO - [2023-03-19 19:06:29,366] {dag.py:2306} INFO - Setting next_dagrun for ml_dag to 2022-10-30T00:00:00+00:00
[2023-03-19 19:06:29,385] {scheduler_job.py:190} INFO - Processing /opt/airflow/dags/branching.py took 0.075 seconds
[2023-03-19 19:06:59,533] {scheduler_job.py:182} INFO - Started process (PID=325) to work on /opt/airflow/dags/branching.py
[2023-03-19 19:06:59,535] {scheduler_job.py:633} INFO - Processing file /opt/airflow/dags/branching.py for tasks to queue
[2023-03-19 19:06:59,536] {logging_mixin.py:104} INFO - [2023-03-19 19:06:59,536] {dagbag.py:496} INFO - Filling up the DagBag from /opt/airflow/dags/branching.py
[2023-03-19 19:06:59,552] {scheduler_job.py:643} INFO - DAG(s) dict_keys(['ml_dag']) retrieved from /opt/airflow/dags/branching.py
[2023-03-19 19:06:59,579] {logging_mixin.py:104} INFO - [2023-03-19 19:06:59,579] {dag.py:1833} INFO - Sync 1 DAGs
[2023-03-19 19:06:59,597] {logging_mixin.py:104} INFO - [2023-03-19 19:06:59,597] {dag.py:2306} INFO - Setting next_dagrun for ml_dag to 2022-10-30T00:00:00+00:00
[2023-03-19 19:06:59,613] {scheduler_job.py:190} INFO - Processing /opt/airflow/dags/branching.py took 0.085 seconds
[2023-03-19 19:07:29,755] {scheduler_job.py:182} INFO - Started process (PID=334) to work on /opt/airflow/dags/branching.py
[2023-03-19 19:07:29,756] {scheduler_job.py:633} INFO - Processing file /opt/airflow/dags/branching.py for tasks to queue
[2023-03-19 19:07:29,756] {logging_mixin.py:104} INFO - [2023-03-19 19:07:29,756] {dagbag.py:496} INFO - Filling up the DagBag from /opt/airflow/dags/branching.py
[2023-03-19 19:07:29,771] {scheduler_job.py:643} INFO - DAG(s) dict_keys(['ml_dag']) retrieved from /opt/airflow/dags/branching.py
[2023-03-19 19:07:29,799] {logging_mixin.py:104} INFO - [2023-03-19 19:07:29,799] {dag.py:1833} INFO - Sync 1 DAGs
[2023-03-19 19:07:29,820] {logging_mixin.py:104} INFO - [2023-03-19 19:07:29,820] {dag.py:2306} INFO - Setting next_dagrun for ml_dag to 2022-10-30T00:00:00+00:00
[2023-03-19 19:07:29,831] {scheduler_job.py:190} INFO - Processing /opt/airflow/dags/branching.py took 0.080 seconds
[2023-03-19 19:07:59,975] {scheduler_job.py:182} INFO - Started process (PID=344) to work on /opt/airflow/dags/branching.py
[2023-03-19 19:07:59,978] {scheduler_job.py:633} INFO - Processing file /opt/airflow/dags/branching.py for tasks to queue
[2023-03-19 19:07:59,980] {logging_mixin.py:104} INFO - [2023-03-19 19:07:59,980] {dagbag.py:496} INFO - Filling up the DagBag from /opt/airflow/dags/branching.py
[2023-03-19 19:08:00,021] {scheduler_job.py:643} INFO - DAG(s) dict_keys(['ml_dag']) retrieved from /opt/airflow/dags/branching.py
[2023-03-19 19:08:00,075] {logging_mixin.py:104} INFO - [2023-03-19 19:08:00,075] {dag.py:1833} INFO - Sync 1 DAGs
[2023-03-19 19:08:00,117] {logging_mixin.py:104} INFO - [2023-03-19 19:08:00,117] {dag.py:2306} INFO - Setting next_dagrun for ml_dag to 2022-10-30T00:00:00+00:00
[2023-03-19 19:08:00,127] {scheduler_job.py:190} INFO - Processing /opt/airflow/dags/branching.py took 0.167 seconds
[2023-03-19 19:08:30,265] {scheduler_job.py:182} INFO - Started process (PID=353) to work on /opt/airflow/dags/branching.py
[2023-03-19 19:08:30,268] {scheduler_job.py:633} INFO - Processing file /opt/airflow/dags/branching.py for tasks to queue
[2023-03-19 19:08:30,269] {logging_mixin.py:104} INFO - [2023-03-19 19:08:30,269] {dagbag.py:496} INFO - Filling up the DagBag from /opt/airflow/dags/branching.py
[2023-03-19 19:08:30,314] {scheduler_job.py:643} INFO - DAG(s) dict_keys(['ml_dag']) retrieved from /opt/airflow/dags/branching.py
[2023-03-19 19:08:30,371] {logging_mixin.py:104} INFO - [2023-03-19 19:08:30,371] {dag.py:1833} INFO - Sync 1 DAGs
[2023-03-19 19:08:30,415] {logging_mixin.py:104} INFO - [2023-03-19 19:08:30,415] {dag.py:2306} INFO - Setting next_dagrun for ml_dag to 2022-10-30T00:00:00+00:00
[2023-03-19 19:08:30,437] {scheduler_job.py:190} INFO - Processing /opt/airflow/dags/branching.py took 0.188 seconds
[2023-03-19 19:09:00,590] {scheduler_job.py:182} INFO - Started process (PID=364) to work on /opt/airflow/dags/branching.py
[2023-03-19 19:09:00,592] {scheduler_job.py:633} INFO - Processing file /opt/airflow/dags/branching.py for tasks to queue
[2023-03-19 19:09:00,594] {logging_mixin.py:104} INFO - [2023-03-19 19:09:00,594] {dagbag.py:496} INFO - Filling up the DagBag from /opt/airflow/dags/branching.py
[2023-03-19 19:09:00,641] {scheduler_job.py:643} INFO - DAG(s) dict_keys(['ml_dag']) retrieved from /opt/airflow/dags/branching.py
[2023-03-19 19:09:00,695] {logging_mixin.py:104} INFO - [2023-03-19 19:09:00,695] {dag.py:1833} INFO - Sync 1 DAGs
[2023-03-19 19:09:00,730] {logging_mixin.py:104} INFO - [2023-03-19 19:09:00,730] {dag.py:2306} INFO - Setting next_dagrun for ml_dag to 2022-10-30T00:00:00+00:00
[2023-03-19 19:09:00,739] {scheduler_job.py:190} INFO - Processing /opt/airflow/dags/branching.py took 0.162 seconds
[2023-03-19 19:09:30,851] {scheduler_job.py:182} INFO - Started process (PID=374) to work on /opt/airflow/dags/branching.py
[2023-03-19 19:09:30,854] {scheduler_job.py:633} INFO - Processing file /opt/airflow/dags/branching.py for tasks to queue
[2023-03-19 19:09:30,856] {logging_mixin.py:104} INFO - [2023-03-19 19:09:30,856] {dagbag.py:496} INFO - Filling up the DagBag from /opt/airflow/dags/branching.py
[2023-03-19 19:09:30,897] {scheduler_job.py:643} INFO - DAG(s) dict_keys(['ml_dag']) retrieved from /opt/airflow/dags/branching.py
[2023-03-19 19:09:30,948] {logging_mixin.py:104} INFO - [2023-03-19 19:09:30,948] {dag.py:1833} INFO - Sync 1 DAGs
[2023-03-19 19:09:30,984] {logging_mixin.py:104} INFO - [2023-03-19 19:09:30,984] {dag.py:2306} INFO - Setting next_dagrun for ml_dag to 2022-10-30T00:00:00+00:00
[2023-03-19 19:09:30,997] {scheduler_job.py:190} INFO - Processing /opt/airflow/dags/branching.py took 0.152 seconds
[2023-03-19 19:10:01,152] {scheduler_job.py:182} INFO - Started process (PID=384) to work on /opt/airflow/dags/branching.py
[2023-03-19 19:10:01,157] {scheduler_job.py:633} INFO - Processing file /opt/airflow/dags/branching.py for tasks to queue
[2023-03-19 19:10:01,158] {logging_mixin.py:104} INFO - [2023-03-19 19:10:01,158] {dagbag.py:496} INFO - Filling up the DagBag from /opt/airflow/dags/branching.py
[2023-03-19 19:10:01,201] {scheduler_job.py:643} INFO - DAG(s) dict_keys(['ml_dag']) retrieved from /opt/airflow/dags/branching.py
[2023-03-19 19:10:01,257] {logging_mixin.py:104} INFO - [2023-03-19 19:10:01,257] {dag.py:1833} INFO - Sync 1 DAGs
[2023-03-19 19:10:01,311] {logging_mixin.py:104} INFO - [2023-03-19 19:10:01,311] {dag.py:2306} INFO - Setting next_dagrun for ml_dag to 2022-10-30T00:00:00+00:00
[2023-03-19 19:10:01,332] {scheduler_job.py:190} INFO - Processing /opt/airflow/dags/branching.py took 0.205 seconds
[2023-03-19 19:10:31,487] {scheduler_job.py:182} INFO - Started process (PID=395) to work on /opt/airflow/dags/branching.py
[2023-03-19 19:10:31,496] {scheduler_job.py:633} INFO - Processing file /opt/airflow/dags/branching.py for tasks to queue
[2023-03-19 19:10:31,498] {logging_mixin.py:104} INFO - [2023-03-19 19:10:31,498] {dagbag.py:496} INFO - Filling up the DagBag from /opt/airflow/dags/branching.py
[2023-03-19 19:10:31,557] {scheduler_job.py:643} INFO - DAG(s) dict_keys(['ml_dag']) retrieved from /opt/airflow/dags/branching.py
[2023-03-19 19:10:31,629] {logging_mixin.py:104} INFO - [2023-03-19 19:10:31,629] {dag.py:1833} INFO - Sync 1 DAGs
[2023-03-19 19:10:31,666] {logging_mixin.py:104} INFO - [2023-03-19 19:10:31,666] {dag.py:2306} INFO - Setting next_dagrun for ml_dag to 2022-10-30T00:00:00+00:00
[2023-03-19 19:10:31,685] {scheduler_job.py:190} INFO - Processing /opt/airflow/dags/branching.py took 0.219 seconds
[2023-03-19 19:11:01,847] {scheduler_job.py:182} INFO - Started process (PID=405) to work on /opt/airflow/dags/branching.py
[2023-03-19 19:11:01,849] {scheduler_job.py:633} INFO - Processing file /opt/airflow/dags/branching.py for tasks to queue
[2023-03-19 19:11:01,851] {logging_mixin.py:104} INFO - [2023-03-19 19:11:01,851] {dagbag.py:496} INFO - Filling up the DagBag from /opt/airflow/dags/branching.py
[2023-03-19 19:11:01,887] {scheduler_job.py:643} INFO - DAG(s) dict_keys(['ml_dag']) retrieved from /opt/airflow/dags/branching.py
[2023-03-19 19:11:01,932] {logging_mixin.py:104} INFO - [2023-03-19 19:11:01,932] {dag.py:1833} INFO - Sync 1 DAGs
[2023-03-19 19:11:01,972] {logging_mixin.py:104} INFO - [2023-03-19 19:11:01,972] {dag.py:2306} INFO - Setting next_dagrun for ml_dag to 2022-10-30T00:00:00+00:00
[2023-03-19 19:11:01,994] {scheduler_job.py:190} INFO - Processing /opt/airflow/dags/branching.py took 0.160 seconds
[2023-03-19 19:11:32,167] {scheduler_job.py:182} INFO - Started process (PID=414) to work on /opt/airflow/dags/branching.py
[2023-03-19 19:11:32,175] {scheduler_job.py:633} INFO - Processing file /opt/airflow/dags/branching.py for tasks to queue
[2023-03-19 19:11:32,178] {logging_mixin.py:104} INFO - [2023-03-19 19:11:32,177] {dagbag.py:496} INFO - Filling up the DagBag from /opt/airflow/dags/branching.py
[2023-03-19 19:11:32,257] {scheduler_job.py:643} INFO - DAG(s) dict_keys(['ml_dag']) retrieved from /opt/airflow/dags/branching.py
[2023-03-19 19:11:32,379] {logging_mixin.py:104} INFO - [2023-03-19 19:11:32,379] {dag.py:1833} INFO - Sync 1 DAGs
[2023-03-19 19:11:32,411] {logging_mixin.py:104} INFO - [2023-03-19 19:11:32,411] {dag.py:2306} INFO - Setting next_dagrun for ml_dag to 2022-10-30T00:00:00+00:00
[2023-03-19 19:11:32,428] {scheduler_job.py:190} INFO - Processing /opt/airflow/dags/branching.py took 0.282 seconds
[2023-03-19 19:12:02,541] {scheduler_job.py:182} INFO - Started process (PID=424) to work on /opt/airflow/dags/branching.py
[2023-03-19 19:12:02,543] {scheduler_job.py:633} INFO - Processing file /opt/airflow/dags/branching.py for tasks to queue
[2023-03-19 19:12:02,545] {logging_mixin.py:104} INFO - [2023-03-19 19:12:02,545] {dagbag.py:496} INFO - Filling up the DagBag from /opt/airflow/dags/branching.py
[2023-03-19 19:12:02,607] {scheduler_job.py:643} INFO - DAG(s) dict_keys(['ml_dag']) retrieved from /opt/airflow/dags/branching.py
[2023-03-19 19:12:02,659] {logging_mixin.py:104} INFO - [2023-03-19 19:12:02,659] {dag.py:1833} INFO - Sync 1 DAGs
[2023-03-19 19:12:02,709] {logging_mixin.py:104} INFO - [2023-03-19 19:12:02,709] {dag.py:2306} INFO - Setting next_dagrun for ml_dag to 2022-10-30T00:00:00+00:00
[2023-03-19 19:12:02,728] {scheduler_job.py:190} INFO - Processing /opt/airflow/dags/branching.py took 0.203 seconds
[2023-03-19 19:12:32,848] {scheduler_job.py:182} INFO - Started process (PID=434) to work on /opt/airflow/dags/branching.py
[2023-03-19 19:12:32,849] {scheduler_job.py:633} INFO - Processing file /opt/airflow/dags/branching.py for tasks to queue
[2023-03-19 19:12:32,850] {logging_mixin.py:104} INFO - [2023-03-19 19:12:32,850] {dagbag.py:496} INFO - Filling up the DagBag from /opt/airflow/dags/branching.py
[2023-03-19 19:12:32,868] {scheduler_job.py:643} INFO - DAG(s) dict_keys(['ml_dag']) retrieved from /opt/airflow/dags/branching.py
[2023-03-19 19:12:32,897] {logging_mixin.py:104} INFO - [2023-03-19 19:12:32,897] {dag.py:1833} INFO - Sync 1 DAGs
[2023-03-19 19:12:32,920] {logging_mixin.py:104} INFO - [2023-03-19 19:12:32,920] {dag.py:2306} INFO - Setting next_dagrun for ml_dag to 2022-10-30T00:00:00+00:00
[2023-03-19 19:12:32,935] {scheduler_job.py:190} INFO - Processing /opt/airflow/dags/branching.py took 0.090 seconds
[2023-03-19 19:13:03,043] {scheduler_job.py:182} INFO - Started process (PID=445) to work on /opt/airflow/dags/branching.py
[2023-03-19 19:13:03,049] {scheduler_job.py:633} INFO - Processing file /opt/airflow/dags/branching.py for tasks to queue
[2023-03-19 19:13:03,051] {logging_mixin.py:104} INFO - [2023-03-19 19:13:03,051] {dagbag.py:496} INFO - Filling up the DagBag from /opt/airflow/dags/branching.py
[2023-03-19 19:13:03,112] {scheduler_job.py:643} INFO - DAG(s) dict_keys(['ml_dag']) retrieved from /opt/airflow/dags/branching.py
[2023-03-19 19:13:03,166] {logging_mixin.py:104} INFO - [2023-03-19 19:13:03,165] {dag.py:1833} INFO - Sync 1 DAGs
[2023-03-19 19:13:03,206] {logging_mixin.py:104} INFO - [2023-03-19 19:13:03,206] {dag.py:2306} INFO - Setting next_dagrun for ml_dag to 2022-10-30T00:00:00+00:00
[2023-03-19 19:13:03,218] {scheduler_job.py:190} INFO - Processing /opt/airflow/dags/branching.py took 0.192 seconds
[2023-03-19 19:13:33,367] {scheduler_job.py:182} INFO - Started process (PID=454) to work on /opt/airflow/dags/branching.py
[2023-03-19 19:13:33,371] {scheduler_job.py:633} INFO - Processing file /opt/airflow/dags/branching.py for tasks to queue
[2023-03-19 19:13:33,372] {logging_mixin.py:104} INFO - [2023-03-19 19:13:33,372] {dagbag.py:496} INFO - Filling up the DagBag from /opt/airflow/dags/branching.py
[2023-03-19 19:13:33,415] {scheduler_job.py:643} INFO - DAG(s) dict_keys(['ml_dag']) retrieved from /opt/airflow/dags/branching.py
[2023-03-19 19:13:33,461] {logging_mixin.py:104} INFO - [2023-03-19 19:13:33,461] {dag.py:1833} INFO - Sync 1 DAGs
[2023-03-19 19:13:33,494] {logging_mixin.py:104} INFO - [2023-03-19 19:13:33,494] {dag.py:2306} INFO - Setting next_dagrun for ml_dag to 2022-10-30T00:00:00+00:00
[2023-03-19 19:13:33,504] {scheduler_job.py:190} INFO - Processing /opt/airflow/dags/branching.py took 0.149 seconds
[2023-03-19 19:14:03,648] {scheduler_job.py:182} INFO - Started process (PID=465) to work on /opt/airflow/dags/branching.py
[2023-03-19 19:14:03,649] {scheduler_job.py:633} INFO - Processing file /opt/airflow/dags/branching.py for tasks to queue
[2023-03-19 19:14:03,651] {logging_mixin.py:104} INFO - [2023-03-19 19:14:03,651] {dagbag.py:496} INFO - Filling up the DagBag from /opt/airflow/dags/branching.py
[2023-03-19 19:14:03,694] {scheduler_job.py:643} INFO - DAG(s) dict_keys(['ml_dag']) retrieved from /opt/airflow/dags/branching.py
[2023-03-19 19:14:03,743] {logging_mixin.py:104} INFO - [2023-03-19 19:14:03,743] {dag.py:1833} INFO - Sync 1 DAGs
[2023-03-19 19:14:03,777] {logging_mixin.py:104} INFO - [2023-03-19 19:14:03,776] {dag.py:2306} INFO - Setting next_dagrun for ml_dag to 2022-10-30T00:00:00+00:00
[2023-03-19 19:14:03,793] {scheduler_job.py:190} INFO - Processing /opt/airflow/dags/branching.py took 0.148 seconds
[2023-03-19 19:14:33,912] {scheduler_job.py:182} INFO - Started process (PID=474) to work on /opt/airflow/dags/branching.py
[2023-03-19 19:14:33,916] {scheduler_job.py:633} INFO - Processing file /opt/airflow/dags/branching.py for tasks to queue
[2023-03-19 19:14:33,919] {logging_mixin.py:104} INFO - [2023-03-19 19:14:33,919] {dagbag.py:496} INFO - Filling up the DagBag from /opt/airflow/dags/branching.py
[2023-03-19 19:14:33,965] {scheduler_job.py:643} INFO - DAG(s) dict_keys(['ml_dag']) retrieved from /opt/airflow/dags/branching.py
[2023-03-19 19:14:34,013] {logging_mixin.py:104} INFO - [2023-03-19 19:14:34,013] {dag.py:1833} INFO - Sync 1 DAGs
[2023-03-19 19:14:34,097] {logging_mixin.py:104} INFO - [2023-03-19 19:14:34,097] {dag.py:2306} INFO - Setting next_dagrun for ml_dag to 2022-10-30T00:00:00+00:00
[2023-03-19 19:14:34,122] {scheduler_job.py:190} INFO - Processing /opt/airflow/dags/branching.py took 0.221 seconds
[2023-03-19 19:15:04,252] {scheduler_job.py:182} INFO - Started process (PID=484) to work on /opt/airflow/dags/branching.py
[2023-03-19 19:15:04,253] {scheduler_job.py:633} INFO - Processing file /opt/airflow/dags/branching.py for tasks to queue
[2023-03-19 19:15:04,254] {logging_mixin.py:104} INFO - [2023-03-19 19:15:04,254] {dagbag.py:496} INFO - Filling up the DagBag from /opt/airflow/dags/branching.py
[2023-03-19 19:15:04,300] {scheduler_job.py:643} INFO - DAG(s) dict_keys(['ml_dag']) retrieved from /opt/airflow/dags/branching.py
[2023-03-19 19:15:04,341] {logging_mixin.py:104} INFO - [2023-03-19 19:15:04,341] {dag.py:1833} INFO - Sync 1 DAGs
[2023-03-19 19:15:04,373] {logging_mixin.py:104} INFO - [2023-03-19 19:15:04,373] {dag.py:2306} INFO - Setting next_dagrun for ml_dag to 2022-10-30T00:00:00+00:00
[2023-03-19 19:15:04,386] {scheduler_job.py:190} INFO - Processing /opt/airflow/dags/branching.py took 0.140 seconds
[2023-03-19 19:15:34,500] {scheduler_job.py:182} INFO - Started process (PID=493) to work on /opt/airflow/dags/branching.py
[2023-03-19 19:15:34,501] {scheduler_job.py:633} INFO - Processing file /opt/airflow/dags/branching.py for tasks to queue
[2023-03-19 19:15:34,502] {logging_mixin.py:104} INFO - [2023-03-19 19:15:34,502] {dagbag.py:496} INFO - Filling up the DagBag from /opt/airflow/dags/branching.py
[2023-03-19 19:15:34,535] {scheduler_job.py:643} INFO - DAG(s) dict_keys(['ml_dag']) retrieved from /opt/airflow/dags/branching.py
[2023-03-19 19:15:34,559] {logging_mixin.py:104} INFO - [2023-03-19 19:15:34,559] {dag.py:1833} INFO - Sync 1 DAGs
[2023-03-19 19:15:34,584] {logging_mixin.py:104} INFO - [2023-03-19 19:15:34,583] {dag.py:2306} INFO - Setting next_dagrun for ml_dag to 2022-10-30T00:00:00+00:00
[2023-03-19 19:15:34,606] {scheduler_job.py:190} INFO - Processing /opt/airflow/dags/branching.py took 0.108 seconds
[2023-03-19 19:16:04,769] {scheduler_job.py:182} INFO - Started process (PID=504) to work on /opt/airflow/dags/branching.py
[2023-03-19 19:16:04,771] {scheduler_job.py:633} INFO - Processing file /opt/airflow/dags/branching.py for tasks to queue
[2023-03-19 19:16:04,774] {logging_mixin.py:104} INFO - [2023-03-19 19:16:04,773] {dagbag.py:496} INFO - Filling up the DagBag from /opt/airflow/dags/branching.py
[2023-03-19 19:16:04,836] {scheduler_job.py:643} INFO - DAG(s) dict_keys(['ml_dag']) retrieved from /opt/airflow/dags/branching.py
[2023-03-19 19:16:04,863] {logging_mixin.py:104} INFO - [2023-03-19 19:16:04,862] {dag.py:1833} INFO - Sync 1 DAGs
[2023-03-19 19:16:04,887] {logging_mixin.py:104} INFO - [2023-03-19 19:16:04,887] {dag.py:2306} INFO - Setting next_dagrun for ml_dag to 2022-10-30T00:00:00+00:00
[2023-03-19 19:16:04,906] {scheduler_job.py:190} INFO - Processing /opt/airflow/dags/branching.py took 0.144 seconds
[2023-03-19 19:16:35,049] {scheduler_job.py:182} INFO - Started process (PID=513) to work on /opt/airflow/dags/branching.py
[2023-03-19 19:16:35,052] {scheduler_job.py:633} INFO - Processing file /opt/airflow/dags/branching.py for tasks to queue
[2023-03-19 19:16:35,052] {logging_mixin.py:104} INFO - [2023-03-19 19:16:35,052] {dagbag.py:496} INFO - Filling up the DagBag from /opt/airflow/dags/branching.py
[2023-03-19 19:16:35,080] {scheduler_job.py:643} INFO - DAG(s) dict_keys(['ml_dag']) retrieved from /opt/airflow/dags/branching.py
[2023-03-19 19:16:35,135] {logging_mixin.py:104} INFO - [2023-03-19 19:16:35,135] {dag.py:1833} INFO - Sync 1 DAGs
[2023-03-19 19:16:35,154] {logging_mixin.py:104} INFO - [2023-03-19 19:16:35,154] {dag.py:2306} INFO - Setting next_dagrun for ml_dag to 2022-10-30T00:00:00+00:00
[2023-03-19 19:16:35,171] {scheduler_job.py:190} INFO - Processing /opt/airflow/dags/branching.py took 0.128 seconds
[2023-03-19 19:17:05,304] {scheduler_job.py:182} INFO - Started process (PID=524) to work on /opt/airflow/dags/branching.py
[2023-03-19 19:17:05,306] {scheduler_job.py:633} INFO - Processing file /opt/airflow/dags/branching.py for tasks to queue
[2023-03-19 19:17:05,308] {logging_mixin.py:104} INFO - [2023-03-19 19:17:05,307] {dagbag.py:496} INFO - Filling up the DagBag from /opt/airflow/dags/branching.py
[2023-03-19 19:17:05,338] {scheduler_job.py:643} INFO - DAG(s) dict_keys(['ml_dag']) retrieved from /opt/airflow/dags/branching.py
[2023-03-19 19:17:05,393] {logging_mixin.py:104} INFO - [2023-03-19 19:17:05,392] {dag.py:1833} INFO - Sync 1 DAGs
[2023-03-19 19:17:05,419] {logging_mixin.py:104} INFO - [2023-03-19 19:17:05,419] {dag.py:2306} INFO - Setting next_dagrun for ml_dag to 2022-10-30T00:00:00+00:00
[2023-03-19 19:17:05,432] {scheduler_job.py:190} INFO - Processing /opt/airflow/dags/branching.py took 0.140 seconds
[2023-03-19 19:17:35,554] {scheduler_job.py:182} INFO - Started process (PID=534) to work on /opt/airflow/dags/branching.py
[2023-03-19 19:17:35,554] {scheduler_job.py:633} INFO - Processing file /opt/airflow/dags/branching.py for tasks to queue
[2023-03-19 19:17:35,555] {logging_mixin.py:104} INFO - [2023-03-19 19:17:35,555] {dagbag.py:496} INFO - Filling up the DagBag from /opt/airflow/dags/branching.py
[2023-03-19 19:17:35,575] {scheduler_job.py:643} INFO - DAG(s) dict_keys(['ml_dag']) retrieved from /opt/airflow/dags/branching.py
[2023-03-19 19:17:35,625] {logging_mixin.py:104} INFO - [2023-03-19 19:17:35,625] {dag.py:1833} INFO - Sync 1 DAGs
[2023-03-19 19:17:35,658] {logging_mixin.py:104} INFO - [2023-03-19 19:17:35,658] {dag.py:2306} INFO - Setting next_dagrun for ml_dag to 2022-10-30T00:00:00+00:00
[2023-03-19 19:17:35,674] {scheduler_job.py:190} INFO - Processing /opt/airflow/dags/branching.py took 0.124 seconds
[2023-03-19 19:18:05,770] {scheduler_job.py:182} INFO - Started process (PID=544) to work on /opt/airflow/dags/branching.py
[2023-03-19 19:18:05,774] {scheduler_job.py:633} INFO - Processing file /opt/airflow/dags/branching.py for tasks to queue
[2023-03-19 19:18:05,775] {logging_mixin.py:104} INFO - [2023-03-19 19:18:05,775] {dagbag.py:496} INFO - Filling up the DagBag from /opt/airflow/dags/branching.py
[2023-03-19 19:18:05,793] {scheduler_job.py:643} INFO - DAG(s) dict_keys(['ml_dag']) retrieved from /opt/airflow/dags/branching.py
[2023-03-19 19:18:05,815] {logging_mixin.py:104} INFO - [2023-03-19 19:18:05,814] {dag.py:1833} INFO - Sync 1 DAGs
[2023-03-19 19:18:05,830] {logging_mixin.py:104} INFO - [2023-03-19 19:18:05,830] {dag.py:2306} INFO - Setting next_dagrun for ml_dag to 2022-10-30T00:00:00+00:00
[2023-03-19 19:18:05,848] {scheduler_job.py:190} INFO - Processing /opt/airflow/dags/branching.py took 0.095 seconds
[2023-03-19 19:18:35,953] {scheduler_job.py:182} INFO - Started process (PID=555) to work on /opt/airflow/dags/branching.py
[2023-03-19 19:18:35,957] {scheduler_job.py:633} INFO - Processing file /opt/airflow/dags/branching.py for tasks to queue
[2023-03-19 19:18:35,958] {logging_mixin.py:104} INFO - [2023-03-19 19:18:35,958] {dagbag.py:496} INFO - Filling up the DagBag from /opt/airflow/dags/branching.py
[2023-03-19 19:18:35,999] {scheduler_job.py:643} INFO - DAG(s) dict_keys(['ml_dag']) retrieved from /opt/airflow/dags/branching.py
[2023-03-19 19:18:36,023] {logging_mixin.py:104} INFO - [2023-03-19 19:18:36,023] {dag.py:1833} INFO - Sync 1 DAGs
[2023-03-19 19:18:36,048] {logging_mixin.py:104} INFO - [2023-03-19 19:18:36,048] {dag.py:2306} INFO - Setting next_dagrun for ml_dag to 2022-10-30T00:00:00+00:00
[2023-03-19 19:18:36,063] {scheduler_job.py:190} INFO - Processing /opt/airflow/dags/branching.py took 0.125 seconds
[2023-03-19 19:19:06,189] {scheduler_job.py:182} INFO - Started process (PID=564) to work on /opt/airflow/dags/branching.py
[2023-03-19 19:19:06,190] {scheduler_job.py:633} INFO - Processing file /opt/airflow/dags/branching.py for tasks to queue
[2023-03-19 19:19:06,190] {logging_mixin.py:104} INFO - [2023-03-19 19:19:06,190] {dagbag.py:496} INFO - Filling up the DagBag from /opt/airflow/dags/branching.py
[2023-03-19 19:19:06,215] {scheduler_job.py:643} INFO - DAG(s) dict_keys(['ml_dag']) retrieved from /opt/airflow/dags/branching.py
[2023-03-19 19:19:06,265] {logging_mixin.py:104} INFO - [2023-03-19 19:19:06,265] {dag.py:1833} INFO - Sync 1 DAGs
[2023-03-19 19:19:06,290] {logging_mixin.py:104} INFO - [2023-03-19 19:19:06,290] {dag.py:2306} INFO - Setting next_dagrun for ml_dag to 2022-10-30T00:00:00+00:00
[2023-03-19 19:19:06,311] {scheduler_job.py:190} INFO - Processing /opt/airflow/dags/branching.py took 0.125 seconds
[2023-03-19 19:19:36,419] {scheduler_job.py:182} INFO - Started process (PID=574) to work on /opt/airflow/dags/branching.py
[2023-03-19 19:19:36,424] {scheduler_job.py:633} INFO - Processing file /opt/airflow/dags/branching.py for tasks to queue
[2023-03-19 19:19:36,426] {logging_mixin.py:104} INFO - [2023-03-19 19:19:36,426] {dagbag.py:496} INFO - Filling up the DagBag from /opt/airflow/dags/branching.py
[2023-03-19 19:19:36,445] {scheduler_job.py:643} INFO - DAG(s) dict_keys(['ml_dag']) retrieved from /opt/airflow/dags/branching.py
[2023-03-19 19:19:36,485] {logging_mixin.py:104} INFO - [2023-03-19 19:19:36,485] {dag.py:1833} INFO - Sync 1 DAGs
[2023-03-19 19:19:36,509] {logging_mixin.py:104} INFO - [2023-03-19 19:19:36,509] {dag.py:2306} INFO - Setting next_dagrun for ml_dag to 2022-10-30T00:00:00+00:00
[2023-03-19 19:19:36,532] {scheduler_job.py:190} INFO - Processing /opt/airflow/dags/branching.py took 0.128 seconds
[2023-03-19 19:20:06,645] {scheduler_job.py:182} INFO - Started process (PID=585) to work on /opt/airflow/dags/branching.py
[2023-03-19 19:20:06,645] {scheduler_job.py:633} INFO - Processing file /opt/airflow/dags/branching.py for tasks to queue
[2023-03-19 19:20:06,646] {logging_mixin.py:104} INFO - [2023-03-19 19:20:06,646] {dagbag.py:496} INFO - Filling up the DagBag from /opt/airflow/dags/branching.py
[2023-03-19 19:20:06,662] {scheduler_job.py:643} INFO - DAG(s) dict_keys(['ml_dag']) retrieved from /opt/airflow/dags/branching.py
[2023-03-19 19:20:06,710] {logging_mixin.py:104} INFO - [2023-03-19 19:20:06,710] {dag.py:1833} INFO - Sync 1 DAGs
[2023-03-19 19:20:06,742] {logging_mixin.py:104} INFO - [2023-03-19 19:20:06,741] {dag.py:2306} INFO - Setting next_dagrun for ml_dag to 2022-10-30T00:00:00+00:00
[2023-03-19 19:20:06,756] {scheduler_job.py:190} INFO - Processing /opt/airflow/dags/branching.py took 0.115 seconds
