[2023-03-19 18:58:26,068] {scheduler_job.py:182} INFO - Started process (PID=152) to work on /opt/airflow/dags/my_dag.py
[2023-03-19 18:58:26,070] {scheduler_job.py:633} INFO - Processing file /opt/airflow/dags/my_dag.py for tasks to queue
[2023-03-19 18:58:26,071] {logging_mixin.py:104} INFO - [2023-03-19 18:58:26,071] {dagbag.py:496} INFO - Filling up the DagBag from /opt/airflow/dags/my_dag.py
[2023-03-19 18:58:26,101] {scheduler_job.py:643} INFO - DAG(s) dict_keys(['my_dag']) retrieved from /opt/airflow/dags/my_dag.py
[2023-03-19 18:58:26,119] {logging_mixin.py:104} INFO - [2023-03-19 18:58:26,118] {dag.py:1833} INFO - Sync 1 DAGs
[2023-03-19 18:58:26,144] {logging_mixin.py:104} INFO - [2023-03-19 18:58:26,144] {dag.py:2306} INFO - Setting next_dagrun for my_dag to 2023-03-18 00:00:00+00:00
[2023-03-19 18:58:26,153] {scheduler_job.py:190} INFO - Processing /opt/airflow/dags/my_dag.py took 0.090 seconds
[2023-03-19 18:58:56,282] {scheduler_job.py:182} INFO - Started process (PID=162) to work on /opt/airflow/dags/my_dag.py
[2023-03-19 18:58:56,285] {scheduler_job.py:633} INFO - Processing file /opt/airflow/dags/my_dag.py for tasks to queue
[2023-03-19 18:58:56,286] {logging_mixin.py:104} INFO - [2023-03-19 18:58:56,286] {dagbag.py:496} INFO - Filling up the DagBag from /opt/airflow/dags/my_dag.py
[2023-03-19 18:58:56,315] {scheduler_job.py:643} INFO - DAG(s) dict_keys(['my_dag']) retrieved from /opt/airflow/dags/my_dag.py
[2023-03-19 18:58:56,343] {logging_mixin.py:104} INFO - [2023-03-19 18:58:56,343] {dag.py:1833} INFO - Sync 1 DAGs
[2023-03-19 18:58:56,383] {logging_mixin.py:104} INFO - [2023-03-19 18:58:56,383] {dag.py:2306} INFO - Setting next_dagrun for my_dag to 2023-03-18 00:00:00+00:00
[2023-03-19 18:58:56,401] {scheduler_job.py:190} INFO - Processing /opt/airflow/dags/my_dag.py took 0.126 seconds
[2023-03-19 18:59:26,448] {scheduler_job.py:182} INFO - Started process (PID=172) to work on /opt/airflow/dags/my_dag.py
[2023-03-19 18:59:26,448] {scheduler_job.py:633} INFO - Processing file /opt/airflow/dags/my_dag.py for tasks to queue
[2023-03-19 18:59:26,449] {logging_mixin.py:104} INFO - [2023-03-19 18:59:26,449] {dagbag.py:496} INFO - Filling up the DagBag from /opt/airflow/dags/my_dag.py
[2023-03-19 18:59:26,472] {scheduler_job.py:643} INFO - DAG(s) dict_keys(['my_dag']) retrieved from /opt/airflow/dags/my_dag.py
[2023-03-19 18:59:26,494] {logging_mixin.py:104} INFO - [2023-03-19 18:59:26,493] {dag.py:1833} INFO - Sync 1 DAGs
[2023-03-19 18:59:26,530] {logging_mixin.py:104} INFO - [2023-03-19 18:59:26,530] {dag.py:2306} INFO - Setting next_dagrun for my_dag to 2023-03-18 00:00:00+00:00
[2023-03-19 18:59:26,558] {scheduler_job.py:190} INFO - Processing /opt/airflow/dags/my_dag.py took 0.114 seconds
[2023-03-19 18:59:56,620] {scheduler_job.py:182} INFO - Started process (PID=182) to work on /opt/airflow/dags/my_dag.py
[2023-03-19 18:59:56,621] {scheduler_job.py:633} INFO - Processing file /opt/airflow/dags/my_dag.py for tasks to queue
[2023-03-19 18:59:56,622] {logging_mixin.py:104} INFO - [2023-03-19 18:59:56,622] {dagbag.py:496} INFO - Filling up the DagBag from /opt/airflow/dags/my_dag.py
[2023-03-19 18:59:56,649] {scheduler_job.py:643} INFO - DAG(s) dict_keys(['my_dag']) retrieved from /opt/airflow/dags/my_dag.py
[2023-03-19 18:59:56,683] {logging_mixin.py:104} INFO - [2023-03-19 18:59:56,683] {dag.py:1833} INFO - Sync 1 DAGs
[2023-03-19 18:59:56,706] {logging_mixin.py:104} INFO - [2023-03-19 18:59:56,706] {dag.py:2306} INFO - Setting next_dagrun for my_dag to 2023-03-18 00:00:00+00:00
[2023-03-19 18:59:56,720] {scheduler_job.py:190} INFO - Processing /opt/airflow/dags/my_dag.py took 0.105 seconds
[2023-03-19 19:00:26,855] {scheduler_job.py:182} INFO - Started process (PID=192) to work on /opt/airflow/dags/my_dag.py
[2023-03-19 19:00:26,856] {scheduler_job.py:633} INFO - Processing file /opt/airflow/dags/my_dag.py for tasks to queue
[2023-03-19 19:00:26,857] {logging_mixin.py:104} INFO - [2023-03-19 19:00:26,856] {dagbag.py:496} INFO - Filling up the DagBag from /opt/airflow/dags/my_dag.py
[2023-03-19 19:00:26,871] {scheduler_job.py:643} INFO - DAG(s) dict_keys(['my_dag']) retrieved from /opt/airflow/dags/my_dag.py
[2023-03-19 19:00:26,905] {logging_mixin.py:104} INFO - [2023-03-19 19:00:26,905] {dag.py:1833} INFO - Sync 1 DAGs
[2023-03-19 19:00:26,923] {logging_mixin.py:104} INFO - [2023-03-19 19:00:26,923] {dag.py:2306} INFO - Setting next_dagrun for my_dag to 2023-03-18 00:00:00+00:00
[2023-03-19 19:00:26,943] {scheduler_job.py:190} INFO - Processing /opt/airflow/dags/my_dag.py took 0.102 seconds
[2023-03-19 19:00:56,986] {scheduler_job.py:182} INFO - Started process (PID=202) to work on /opt/airflow/dags/my_dag.py
[2023-03-19 19:00:56,987] {scheduler_job.py:633} INFO - Processing file /opt/airflow/dags/my_dag.py for tasks to queue
[2023-03-19 19:00:56,988] {logging_mixin.py:104} INFO - [2023-03-19 19:00:56,988] {dagbag.py:496} INFO - Filling up the DagBag from /opt/airflow/dags/my_dag.py
[2023-03-19 19:00:57,011] {scheduler_job.py:643} INFO - DAG(s) dict_keys(['my_dag']) retrieved from /opt/airflow/dags/my_dag.py
[2023-03-19 19:00:57,065] {logging_mixin.py:104} INFO - [2023-03-19 19:00:57,065] {dag.py:1833} INFO - Sync 1 DAGs
[2023-03-19 19:00:57,109] {logging_mixin.py:104} INFO - [2023-03-19 19:00:57,109] {dag.py:2306} INFO - Setting next_dagrun for my_dag to 2023-03-18 00:00:00+00:00
[2023-03-19 19:00:57,128] {scheduler_job.py:190} INFO - Processing /opt/airflow/dags/my_dag.py took 0.146 seconds
[2023-03-19 19:01:27,283] {scheduler_job.py:182} INFO - Started process (PID=212) to work on /opt/airflow/dags/my_dag.py
[2023-03-19 19:01:27,284] {scheduler_job.py:633} INFO - Processing file /opt/airflow/dags/my_dag.py for tasks to queue
[2023-03-19 19:01:27,284] {logging_mixin.py:104} INFO - [2023-03-19 19:01:27,284] {dagbag.py:496} INFO - Filling up the DagBag from /opt/airflow/dags/my_dag.py
[2023-03-19 19:01:27,304] {scheduler_job.py:643} INFO - DAG(s) dict_keys(['my_dag']) retrieved from /opt/airflow/dags/my_dag.py
[2023-03-19 19:01:27,344] {logging_mixin.py:104} INFO - [2023-03-19 19:01:27,343] {dag.py:1833} INFO - Sync 1 DAGs
[2023-03-19 19:01:27,365] {logging_mixin.py:104} INFO - [2023-03-19 19:01:27,365] {dag.py:2306} INFO - Setting next_dagrun for my_dag to 2023-03-18 00:00:00+00:00
[2023-03-19 19:01:27,380] {scheduler_job.py:190} INFO - Processing /opt/airflow/dags/my_dag.py took 0.107 seconds
[2023-03-19 19:01:57,452] {scheduler_job.py:182} INFO - Started process (PID=222) to work on /opt/airflow/dags/my_dag.py
[2023-03-19 19:01:57,453] {scheduler_job.py:633} INFO - Processing file /opt/airflow/dags/my_dag.py for tasks to queue
[2023-03-19 19:01:57,454] {logging_mixin.py:104} INFO - [2023-03-19 19:01:57,454] {dagbag.py:496} INFO - Filling up the DagBag from /opt/airflow/dags/my_dag.py
[2023-03-19 19:01:57,480] {scheduler_job.py:643} INFO - DAG(s) dict_keys(['my_dag']) retrieved from /opt/airflow/dags/my_dag.py
[2023-03-19 19:01:57,503] {logging_mixin.py:104} INFO - [2023-03-19 19:01:57,503] {dag.py:1833} INFO - Sync 1 DAGs
[2023-03-19 19:01:57,534] {logging_mixin.py:104} INFO - [2023-03-19 19:01:57,534] {dag.py:2306} INFO - Setting next_dagrun for my_dag to 2023-03-18 00:00:00+00:00
[2023-03-19 19:01:57,557] {scheduler_job.py:190} INFO - Processing /opt/airflow/dags/my_dag.py took 0.111 seconds
[2023-03-19 19:02:27,629] {scheduler_job.py:182} INFO - Started process (PID=232) to work on /opt/airflow/dags/my_dag.py
[2023-03-19 19:02:27,630] {scheduler_job.py:633} INFO - Processing file /opt/airflow/dags/my_dag.py for tasks to queue
[2023-03-19 19:02:27,631] {logging_mixin.py:104} INFO - [2023-03-19 19:02:27,631] {dagbag.py:496} INFO - Filling up the DagBag from /opt/airflow/dags/my_dag.py
[2023-03-19 19:02:27,647] {scheduler_job.py:643} INFO - DAG(s) dict_keys(['my_dag']) retrieved from /opt/airflow/dags/my_dag.py
[2023-03-19 19:02:27,671] {logging_mixin.py:104} INFO - [2023-03-19 19:02:27,671] {dag.py:1833} INFO - Sync 1 DAGs
[2023-03-19 19:02:27,687] {logging_mixin.py:104} INFO - [2023-03-19 19:02:27,687] {dag.py:2306} INFO - Setting next_dagrun for my_dag to 2023-03-18 00:00:00+00:00
[2023-03-19 19:02:27,705] {scheduler_job.py:190} INFO - Processing /opt/airflow/dags/my_dag.py took 0.078 seconds
[2023-03-19 19:02:57,839] {scheduler_job.py:182} INFO - Started process (PID=242) to work on /opt/airflow/dags/my_dag.py
[2023-03-19 19:02:57,840] {scheduler_job.py:633} INFO - Processing file /opt/airflow/dags/my_dag.py for tasks to queue
[2023-03-19 19:02:57,841] {logging_mixin.py:104} INFO - [2023-03-19 19:02:57,841] {dagbag.py:496} INFO - Filling up the DagBag from /opt/airflow/dags/my_dag.py
[2023-03-19 19:02:57,862] {scheduler_job.py:643} INFO - DAG(s) dict_keys(['my_dag']) retrieved from /opt/airflow/dags/my_dag.py
[2023-03-19 19:02:57,894] {logging_mixin.py:104} INFO - [2023-03-19 19:02:57,894] {dag.py:1833} INFO - Sync 1 DAGs
[2023-03-19 19:02:57,915] {logging_mixin.py:104} INFO - [2023-03-19 19:02:57,914] {dag.py:2306} INFO - Setting next_dagrun for my_dag to 2023-03-18 00:00:00+00:00
[2023-03-19 19:02:57,950] {scheduler_job.py:190} INFO - Processing /opt/airflow/dags/my_dag.py took 0.115 seconds
[2023-03-19 19:03:28,094] {scheduler_job.py:182} INFO - Started process (PID=252) to work on /opt/airflow/dags/my_dag.py
[2023-03-19 19:03:28,096] {scheduler_job.py:633} INFO - Processing file /opt/airflow/dags/my_dag.py for tasks to queue
[2023-03-19 19:03:28,097] {logging_mixin.py:104} INFO - [2023-03-19 19:03:28,097] {dagbag.py:496} INFO - Filling up the DagBag from /opt/airflow/dags/my_dag.py
[2023-03-19 19:03:28,105] {scheduler_job.py:643} INFO - DAG(s) dict_keys(['my_dag']) retrieved from /opt/airflow/dags/my_dag.py
[2023-03-19 19:03:28,132] {logging_mixin.py:104} INFO - [2023-03-19 19:03:28,132] {dag.py:1833} INFO - Sync 1 DAGs
[2023-03-19 19:03:28,159] {logging_mixin.py:104} INFO - [2023-03-19 19:03:28,159] {dag.py:2306} INFO - Setting next_dagrun for my_dag to 2023-03-18 00:00:00+00:00
[2023-03-19 19:03:28,175] {scheduler_job.py:190} INFO - Processing /opt/airflow/dags/my_dag.py took 0.096 seconds
[2023-03-19 19:03:58,281] {scheduler_job.py:182} INFO - Started process (PID=262) to work on /opt/airflow/dags/my_dag.py
[2023-03-19 19:03:58,282] {scheduler_job.py:633} INFO - Processing file /opt/airflow/dags/my_dag.py for tasks to queue
[2023-03-19 19:03:58,284] {logging_mixin.py:104} INFO - [2023-03-19 19:03:58,284] {dagbag.py:496} INFO - Filling up the DagBag from /opt/airflow/dags/my_dag.py
[2023-03-19 19:03:58,296] {scheduler_job.py:643} INFO - DAG(s) dict_keys(['my_dag']) retrieved from /opt/airflow/dags/my_dag.py
[2023-03-19 19:03:58,319] {logging_mixin.py:104} INFO - [2023-03-19 19:03:58,319] {dag.py:1833} INFO - Sync 1 DAGs
[2023-03-19 19:03:58,344] {logging_mixin.py:104} INFO - [2023-03-19 19:03:58,344] {dag.py:2306} INFO - Setting next_dagrun for my_dag to 2023-03-18 00:00:00+00:00
[2023-03-19 19:03:58,361] {scheduler_job.py:190} INFO - Processing /opt/airflow/dags/my_dag.py took 0.085 seconds
[2023-03-19 19:04:28,492] {scheduler_job.py:182} INFO - Started process (PID=272) to work on /opt/airflow/dags/my_dag.py
[2023-03-19 19:04:28,493] {scheduler_job.py:633} INFO - Processing file /opt/airflow/dags/my_dag.py for tasks to queue
[2023-03-19 19:04:28,495] {logging_mixin.py:104} INFO - [2023-03-19 19:04:28,495] {dagbag.py:496} INFO - Filling up the DagBag from /opt/airflow/dags/my_dag.py
[2023-03-19 19:04:28,518] {scheduler_job.py:643} INFO - DAG(s) dict_keys(['my_dag']) retrieved from /opt/airflow/dags/my_dag.py
[2023-03-19 19:04:28,539] {logging_mixin.py:104} INFO - [2023-03-19 19:04:28,539] {dag.py:1833} INFO - Sync 1 DAGs
[2023-03-19 19:04:28,557] {logging_mixin.py:104} INFO - [2023-03-19 19:04:28,557] {dag.py:2306} INFO - Setting next_dagrun for my_dag to 2023-03-18 00:00:00+00:00
[2023-03-19 19:04:28,577] {scheduler_job.py:190} INFO - Processing /opt/airflow/dags/my_dag.py took 0.090 seconds
[2023-03-19 19:04:58,695] {scheduler_job.py:182} INFO - Started process (PID=282) to work on /opt/airflow/dags/my_dag.py
[2023-03-19 19:04:58,696] {scheduler_job.py:633} INFO - Processing file /opt/airflow/dags/my_dag.py for tasks to queue
[2023-03-19 19:04:58,696] {logging_mixin.py:104} INFO - [2023-03-19 19:04:58,696] {dagbag.py:496} INFO - Filling up the DagBag from /opt/airflow/dags/my_dag.py
[2023-03-19 19:04:58,708] {scheduler_job.py:643} INFO - DAG(s) dict_keys(['my_dag']) retrieved from /opt/airflow/dags/my_dag.py
[2023-03-19 19:04:58,730] {logging_mixin.py:104} INFO - [2023-03-19 19:04:58,730] {dag.py:1833} INFO - Sync 1 DAGs
[2023-03-19 19:04:58,749] {logging_mixin.py:104} INFO - [2023-03-19 19:04:58,749] {dag.py:2306} INFO - Setting next_dagrun for my_dag to 2023-03-18 00:00:00+00:00
[2023-03-19 19:04:58,760] {scheduler_job.py:190} INFO - Processing /opt/airflow/dags/my_dag.py took 0.068 seconds
[2023-03-19 19:05:28,891] {scheduler_job.py:182} INFO - Started process (PID=292) to work on /opt/airflow/dags/my_dag.py
[2023-03-19 19:05:28,892] {scheduler_job.py:633} INFO - Processing file /opt/airflow/dags/my_dag.py for tasks to queue
[2023-03-19 19:05:28,893] {logging_mixin.py:104} INFO - [2023-03-19 19:05:28,893] {dagbag.py:496} INFO - Filling up the DagBag from /opt/airflow/dags/my_dag.py
[2023-03-19 19:05:28,919] {scheduler_job.py:643} INFO - DAG(s) dict_keys(['my_dag']) retrieved from /opt/airflow/dags/my_dag.py
[2023-03-19 19:05:28,944] {logging_mixin.py:104} INFO - [2023-03-19 19:05:28,944] {dag.py:1833} INFO - Sync 1 DAGs
[2023-03-19 19:05:28,970] {logging_mixin.py:104} INFO - [2023-03-19 19:05:28,970] {dag.py:2306} INFO - Setting next_dagrun for my_dag to 2023-03-18 00:00:00+00:00
[2023-03-19 19:05:28,985] {scheduler_job.py:190} INFO - Processing /opt/airflow/dags/my_dag.py took 0.099 seconds
[2023-03-19 19:05:59,119] {scheduler_job.py:182} INFO - Started process (PID=302) to work on /opt/airflow/dags/my_dag.py
[2023-03-19 19:05:59,120] {scheduler_job.py:633} INFO - Processing file /opt/airflow/dags/my_dag.py for tasks to queue
[2023-03-19 19:05:59,121] {logging_mixin.py:104} INFO - [2023-03-19 19:05:59,121] {dagbag.py:496} INFO - Filling up the DagBag from /opt/airflow/dags/my_dag.py
[2023-03-19 19:05:59,131] {scheduler_job.py:643} INFO - DAG(s) dict_keys(['my_dag']) retrieved from /opt/airflow/dags/my_dag.py
[2023-03-19 19:05:59,153] {logging_mixin.py:104} INFO - [2023-03-19 19:05:59,152] {dag.py:1833} INFO - Sync 1 DAGs
[2023-03-19 19:05:59,172] {logging_mixin.py:104} INFO - [2023-03-19 19:05:59,172] {dag.py:2306} INFO - Setting next_dagrun for my_dag to 2023-03-18 00:00:00+00:00
[2023-03-19 19:05:59,191] {scheduler_job.py:190} INFO - Processing /opt/airflow/dags/my_dag.py took 0.076 seconds
[2023-03-19 19:06:29,312] {scheduler_job.py:182} INFO - Started process (PID=312) to work on /opt/airflow/dags/my_dag.py
[2023-03-19 19:06:29,313] {scheduler_job.py:633} INFO - Processing file /opt/airflow/dags/my_dag.py for tasks to queue
[2023-03-19 19:06:29,313] {logging_mixin.py:104} INFO - [2023-03-19 19:06:29,313] {dagbag.py:496} INFO - Filling up the DagBag from /opt/airflow/dags/my_dag.py
[2023-03-19 19:06:29,324] {scheduler_job.py:643} INFO - DAG(s) dict_keys(['my_dag']) retrieved from /opt/airflow/dags/my_dag.py
[2023-03-19 19:06:29,347] {logging_mixin.py:104} INFO - [2023-03-19 19:06:29,347] {dag.py:1833} INFO - Sync 1 DAGs
[2023-03-19 19:06:29,365] {logging_mixin.py:104} INFO - [2023-03-19 19:06:29,365] {dag.py:2306} INFO - Setting next_dagrun for my_dag to 2023-03-18 00:00:00+00:00
[2023-03-19 19:06:29,383] {scheduler_job.py:190} INFO - Processing /opt/airflow/dags/my_dag.py took 0.076 seconds
[2023-03-19 19:06:59,533] {scheduler_job.py:182} INFO - Started process (PID=322) to work on /opt/airflow/dags/my_dag.py
[2023-03-19 19:06:59,535] {scheduler_job.py:633} INFO - Processing file /opt/airflow/dags/my_dag.py for tasks to queue
[2023-03-19 19:06:59,536] {logging_mixin.py:104} INFO - [2023-03-19 19:06:59,536] {dagbag.py:496} INFO - Filling up the DagBag from /opt/airflow/dags/my_dag.py
[2023-03-19 19:06:59,548] {scheduler_job.py:643} INFO - DAG(s) dict_keys(['my_dag']) retrieved from /opt/airflow/dags/my_dag.py
[2023-03-19 19:06:59,576] {logging_mixin.py:104} INFO - [2023-03-19 19:06:59,576] {dag.py:1833} INFO - Sync 1 DAGs
[2023-03-19 19:06:59,598] {logging_mixin.py:104} INFO - [2023-03-19 19:06:59,598] {dag.py:2306} INFO - Setting next_dagrun for my_dag to 2023-03-18 00:00:00+00:00
[2023-03-19 19:06:59,615] {scheduler_job.py:190} INFO - Processing /opt/airflow/dags/my_dag.py took 0.087 seconds
[2023-03-19 19:07:29,750] {scheduler_job.py:182} INFO - Started process (PID=332) to work on /opt/airflow/dags/my_dag.py
[2023-03-19 19:07:29,751] {scheduler_job.py:633} INFO - Processing file /opt/airflow/dags/my_dag.py for tasks to queue
[2023-03-19 19:07:29,752] {logging_mixin.py:104} INFO - [2023-03-19 19:07:29,751] {dagbag.py:496} INFO - Filling up the DagBag from /opt/airflow/dags/my_dag.py
[2023-03-19 19:07:29,762] {scheduler_job.py:643} INFO - DAG(s) dict_keys(['my_dag']) retrieved from /opt/airflow/dags/my_dag.py
[2023-03-19 19:07:29,787] {logging_mixin.py:104} INFO - [2023-03-19 19:07:29,787] {dag.py:1833} INFO - Sync 1 DAGs
[2023-03-19 19:07:29,813] {logging_mixin.py:104} INFO - [2023-03-19 19:07:29,813] {dag.py:2306} INFO - Setting next_dagrun for my_dag to 2023-03-18 00:00:00+00:00
[2023-03-19 19:07:29,826] {scheduler_job.py:190} INFO - Processing /opt/airflow/dags/my_dag.py took 0.081 seconds
[2023-03-19 19:07:59,975] {scheduler_job.py:182} INFO - Started process (PID=342) to work on /opt/airflow/dags/my_dag.py
[2023-03-19 19:07:59,978] {scheduler_job.py:633} INFO - Processing file /opt/airflow/dags/my_dag.py for tasks to queue
[2023-03-19 19:07:59,980] {logging_mixin.py:104} INFO - [2023-03-19 19:07:59,980] {dagbag.py:496} INFO - Filling up the DagBag from /opt/airflow/dags/my_dag.py
[2023-03-19 19:08:00,008] {scheduler_job.py:643} INFO - DAG(s) dict_keys(['my_dag']) retrieved from /opt/airflow/dags/my_dag.py
[2023-03-19 19:08:00,053] {logging_mixin.py:104} INFO - [2023-03-19 19:08:00,053] {dag.py:1833} INFO - Sync 1 DAGs
[2023-03-19 19:08:00,100] {logging_mixin.py:104} INFO - [2023-03-19 19:08:00,100] {dag.py:2306} INFO - Setting next_dagrun for my_dag to 2023-03-18 00:00:00+00:00
[2023-03-19 19:08:00,114] {scheduler_job.py:190} INFO - Processing /opt/airflow/dags/my_dag.py took 0.151 seconds
[2023-03-19 19:08:30,265] {scheduler_job.py:182} INFO - Started process (PID=352) to work on /opt/airflow/dags/my_dag.py
[2023-03-19 19:08:30,268] {scheduler_job.py:633} INFO - Processing file /opt/airflow/dags/my_dag.py for tasks to queue
[2023-03-19 19:08:30,269] {logging_mixin.py:104} INFO - [2023-03-19 19:08:30,269] {dagbag.py:496} INFO - Filling up the DagBag from /opt/airflow/dags/my_dag.py
[2023-03-19 19:08:30,304] {scheduler_job.py:643} INFO - DAG(s) dict_keys(['my_dag']) retrieved from /opt/airflow/dags/my_dag.py
[2023-03-19 19:08:30,365] {logging_mixin.py:104} INFO - [2023-03-19 19:08:30,365] {dag.py:1833} INFO - Sync 1 DAGs
[2023-03-19 19:08:30,416] {logging_mixin.py:104} INFO - [2023-03-19 19:08:30,416] {dag.py:2306} INFO - Setting next_dagrun for my_dag to 2023-03-18 00:00:00+00:00
[2023-03-19 19:08:30,439] {scheduler_job.py:190} INFO - Processing /opt/airflow/dags/my_dag.py took 0.190 seconds
[2023-03-19 19:09:00,577] {scheduler_job.py:182} INFO - Started process (PID=362) to work on /opt/airflow/dags/my_dag.py
[2023-03-19 19:09:00,580] {scheduler_job.py:633} INFO - Processing file /opt/airflow/dags/my_dag.py for tasks to queue
[2023-03-19 19:09:00,582] {logging_mixin.py:104} INFO - [2023-03-19 19:09:00,582] {dagbag.py:496} INFO - Filling up the DagBag from /opt/airflow/dags/my_dag.py
[2023-03-19 19:09:00,615] {scheduler_job.py:643} INFO - DAG(s) dict_keys(['my_dag']) retrieved from /opt/airflow/dags/my_dag.py
[2023-03-19 19:09:00,670] {logging_mixin.py:104} INFO - [2023-03-19 19:09:00,670] {dag.py:1833} INFO - Sync 1 DAGs
[2023-03-19 19:09:00,713] {logging_mixin.py:104} INFO - [2023-03-19 19:09:00,712] {dag.py:2306} INFO - Setting next_dagrun for my_dag to 2023-03-18 00:00:00+00:00
[2023-03-19 19:09:00,724] {scheduler_job.py:190} INFO - Processing /opt/airflow/dags/my_dag.py took 0.161 seconds
[2023-03-19 19:09:30,846] {scheduler_job.py:182} INFO - Started process (PID=372) to work on /opt/airflow/dags/my_dag.py
[2023-03-19 19:09:30,851] {scheduler_job.py:633} INFO - Processing file /opt/airflow/dags/my_dag.py for tasks to queue
[2023-03-19 19:09:30,853] {logging_mixin.py:104} INFO - [2023-03-19 19:09:30,853] {dagbag.py:496} INFO - Filling up the DagBag from /opt/airflow/dags/my_dag.py
[2023-03-19 19:09:30,890] {scheduler_job.py:643} INFO - DAG(s) dict_keys(['my_dag']) retrieved from /opt/airflow/dags/my_dag.py
[2023-03-19 19:09:30,947] {logging_mixin.py:104} INFO - [2023-03-19 19:09:30,947] {dag.py:1833} INFO - Sync 1 DAGs
[2023-03-19 19:09:30,993] {logging_mixin.py:104} INFO - [2023-03-19 19:09:30,992] {dag.py:2306} INFO - Setting next_dagrun for my_dag to 2023-03-18 00:00:00+00:00
[2023-03-19 19:09:31,006] {scheduler_job.py:190} INFO - Processing /opt/airflow/dags/my_dag.py took 0.171 seconds
[2023-03-19 19:10:01,152] {scheduler_job.py:182} INFO - Started process (PID=382) to work on /opt/airflow/dags/my_dag.py
[2023-03-19 19:10:01,157] {scheduler_job.py:633} INFO - Processing file /opt/airflow/dags/my_dag.py for tasks to queue
[2023-03-19 19:10:01,159] {logging_mixin.py:104} INFO - [2023-03-19 19:10:01,159] {dagbag.py:496} INFO - Filling up the DagBag from /opt/airflow/dags/my_dag.py
[2023-03-19 19:10:01,206] {scheduler_job.py:643} INFO - DAG(s) dict_keys(['my_dag']) retrieved from /opt/airflow/dags/my_dag.py
[2023-03-19 19:10:01,306] {logging_mixin.py:104} INFO - [2023-03-19 19:10:01,306] {dag.py:1833} INFO - Sync 1 DAGs
[2023-03-19 19:10:01,361] {logging_mixin.py:104} INFO - [2023-03-19 19:10:01,361] {dag.py:2306} INFO - Setting next_dagrun for my_dag to 2023-03-18 00:00:00+00:00
[2023-03-19 19:10:01,373] {scheduler_job.py:190} INFO - Processing /opt/airflow/dags/my_dag.py took 0.246 seconds
[2023-03-19 19:10:31,471] {scheduler_job.py:182} INFO - Started process (PID=392) to work on /opt/airflow/dags/my_dag.py
[2023-03-19 19:10:31,481] {scheduler_job.py:633} INFO - Processing file /opt/airflow/dags/my_dag.py for tasks to queue
[2023-03-19 19:10:31,483] {logging_mixin.py:104} INFO - [2023-03-19 19:10:31,483] {dagbag.py:496} INFO - Filling up the DagBag from /opt/airflow/dags/my_dag.py
[2023-03-19 19:10:31,529] {scheduler_job.py:643} INFO - DAG(s) dict_keys(['my_dag']) retrieved from /opt/airflow/dags/my_dag.py
[2023-03-19 19:10:31,611] {logging_mixin.py:104} INFO - [2023-03-19 19:10:31,611] {dag.py:1833} INFO - Sync 1 DAGs
[2023-03-19 19:10:31,664] {logging_mixin.py:104} INFO - [2023-03-19 19:10:31,664] {dag.py:2306} INFO - Setting next_dagrun for my_dag to 2023-03-18 00:00:00+00:00
[2023-03-19 19:10:31,684] {scheduler_job.py:190} INFO - Processing /opt/airflow/dags/my_dag.py took 0.235 seconds
[2023-03-19 19:11:01,843] {scheduler_job.py:182} INFO - Started process (PID=402) to work on /opt/airflow/dags/my_dag.py
[2023-03-19 19:11:01,847] {scheduler_job.py:633} INFO - Processing file /opt/airflow/dags/my_dag.py for tasks to queue
[2023-03-19 19:11:01,848] {logging_mixin.py:104} INFO - [2023-03-19 19:11:01,848] {dagbag.py:496} INFO - Filling up the DagBag from /opt/airflow/dags/my_dag.py
[2023-03-19 19:11:01,883] {scheduler_job.py:643} INFO - DAG(s) dict_keys(['my_dag']) retrieved from /opt/airflow/dags/my_dag.py
[2023-03-19 19:11:01,946] {logging_mixin.py:104} INFO - [2023-03-19 19:11:01,946] {dag.py:1833} INFO - Sync 1 DAGs
[2023-03-19 19:11:01,991] {logging_mixin.py:104} INFO - [2023-03-19 19:11:01,991] {dag.py:2306} INFO - Setting next_dagrun for my_dag to 2023-03-18 00:00:00+00:00
[2023-03-19 19:11:02,008] {scheduler_job.py:190} INFO - Processing /opt/airflow/dags/my_dag.py took 0.181 seconds
[2023-03-19 19:11:32,158] {scheduler_job.py:182} INFO - Started process (PID=412) to work on /opt/airflow/dags/my_dag.py
[2023-03-19 19:11:32,164] {scheduler_job.py:633} INFO - Processing file /opt/airflow/dags/my_dag.py for tasks to queue
[2023-03-19 19:11:32,167] {logging_mixin.py:104} INFO - [2023-03-19 19:11:32,167] {dagbag.py:496} INFO - Filling up the DagBag from /opt/airflow/dags/my_dag.py
[2023-03-19 19:11:32,217] {scheduler_job.py:643} INFO - DAG(s) dict_keys(['my_dag']) retrieved from /opt/airflow/dags/my_dag.py
[2023-03-19 19:11:32,309] {logging_mixin.py:104} INFO - [2023-03-19 19:11:32,309] {dag.py:1833} INFO - Sync 1 DAGs
[2023-03-19 19:11:32,370] {logging_mixin.py:104} INFO - [2023-03-19 19:11:32,369] {dag.py:2306} INFO - Setting next_dagrun for my_dag to 2023-03-18 00:00:00+00:00
[2023-03-19 19:11:32,391] {scheduler_job.py:190} INFO - Processing /opt/airflow/dags/my_dag.py took 0.254 seconds
[2023-03-19 19:12:02,528] {scheduler_job.py:182} INFO - Started process (PID=422) to work on /opt/airflow/dags/my_dag.py
[2023-03-19 19:12:02,533] {scheduler_job.py:633} INFO - Processing file /opt/airflow/dags/my_dag.py for tasks to queue
[2023-03-19 19:12:02,535] {logging_mixin.py:104} INFO - [2023-03-19 19:12:02,534] {dagbag.py:496} INFO - Filling up the DagBag from /opt/airflow/dags/my_dag.py
[2023-03-19 19:12:02,575] {scheduler_job.py:643} INFO - DAG(s) dict_keys(['my_dag']) retrieved from /opt/airflow/dags/my_dag.py
[2023-03-19 19:12:02,657] {logging_mixin.py:104} INFO - [2023-03-19 19:12:02,657] {dag.py:1833} INFO - Sync 1 DAGs
[2023-03-19 19:12:02,713] {logging_mixin.py:104} INFO - [2023-03-19 19:12:02,713] {dag.py:2306} INFO - Setting next_dagrun for my_dag to 2023-03-18 00:00:00+00:00
[2023-03-19 19:12:02,728] {scheduler_job.py:190} INFO - Processing /opt/airflow/dags/my_dag.py took 0.218 seconds
[2023-03-19 19:12:32,845] {scheduler_job.py:182} INFO - Started process (PID=432) to work on /opt/airflow/dags/my_dag.py
[2023-03-19 19:12:32,846] {scheduler_job.py:633} INFO - Processing file /opt/airflow/dags/my_dag.py for tasks to queue
[2023-03-19 19:12:32,847] {logging_mixin.py:104} INFO - [2023-03-19 19:12:32,847] {dagbag.py:496} INFO - Filling up the DagBag from /opt/airflow/dags/my_dag.py
[2023-03-19 19:12:32,858] {scheduler_job.py:643} INFO - DAG(s) dict_keys(['my_dag']) retrieved from /opt/airflow/dags/my_dag.py
[2023-03-19 19:12:32,887] {logging_mixin.py:104} INFO - [2023-03-19 19:12:32,887] {dag.py:1833} INFO - Sync 1 DAGs
[2023-03-19 19:12:32,913] {logging_mixin.py:104} INFO - [2023-03-19 19:12:32,913] {dag.py:2306} INFO - Setting next_dagrun for my_dag to 2023-03-18 00:00:00+00:00
[2023-03-19 19:12:32,934] {scheduler_job.py:190} INFO - Processing /opt/airflow/dags/my_dag.py took 0.092 seconds
[2023-03-19 19:13:03,030] {scheduler_job.py:182} INFO - Started process (PID=442) to work on /opt/airflow/dags/my_dag.py
[2023-03-19 19:13:03,034] {scheduler_job.py:633} INFO - Processing file /opt/airflow/dags/my_dag.py for tasks to queue
[2023-03-19 19:13:03,036] {logging_mixin.py:104} INFO - [2023-03-19 19:13:03,036] {dagbag.py:496} INFO - Filling up the DagBag from /opt/airflow/dags/my_dag.py
[2023-03-19 19:13:03,076] {scheduler_job.py:643} INFO - DAG(s) dict_keys(['my_dag']) retrieved from /opt/airflow/dags/my_dag.py
[2023-03-19 19:13:03,141] {logging_mixin.py:104} INFO - [2023-03-19 19:13:03,141] {dag.py:1833} INFO - Sync 1 DAGs
[2023-03-19 19:13:03,188] {logging_mixin.py:104} INFO - [2023-03-19 19:13:03,188] {dag.py:2306} INFO - Setting next_dagrun for my_dag to 2023-03-18 00:00:00+00:00
[2023-03-19 19:13:03,204] {scheduler_job.py:190} INFO - Processing /opt/airflow/dags/my_dag.py took 0.191 seconds
[2023-03-19 19:13:33,348] {scheduler_job.py:182} INFO - Started process (PID=452) to work on /opt/airflow/dags/my_dag.py
[2023-03-19 19:13:33,355] {scheduler_job.py:633} INFO - Processing file /opt/airflow/dags/my_dag.py for tasks to queue
[2023-03-19 19:13:33,357] {logging_mixin.py:104} INFO - [2023-03-19 19:13:33,356] {dagbag.py:496} INFO - Filling up the DagBag from /opt/airflow/dags/my_dag.py
[2023-03-19 19:13:33,387] {scheduler_job.py:643} INFO - DAG(s) dict_keys(['my_dag']) retrieved from /opt/airflow/dags/my_dag.py
[2023-03-19 19:13:33,444] {logging_mixin.py:104} INFO - [2023-03-19 19:13:33,443] {dag.py:1833} INFO - Sync 1 DAGs
[2023-03-19 19:13:33,481] {logging_mixin.py:104} INFO - [2023-03-19 19:13:33,481] {dag.py:2306} INFO - Setting next_dagrun for my_dag to 2023-03-18 00:00:00+00:00
[2023-03-19 19:13:33,501] {scheduler_job.py:190} INFO - Processing /opt/airflow/dags/my_dag.py took 0.162 seconds
[2023-03-19 19:14:03,646] {scheduler_job.py:182} INFO - Started process (PID=462) to work on /opt/airflow/dags/my_dag.py
[2023-03-19 19:14:03,648] {scheduler_job.py:633} INFO - Processing file /opt/airflow/dags/my_dag.py for tasks to queue
[2023-03-19 19:14:03,648] {logging_mixin.py:104} INFO - [2023-03-19 19:14:03,648] {dagbag.py:496} INFO - Filling up the DagBag from /opt/airflow/dags/my_dag.py
[2023-03-19 19:14:03,686] {scheduler_job.py:643} INFO - DAG(s) dict_keys(['my_dag']) retrieved from /opt/airflow/dags/my_dag.py
[2023-03-19 19:14:03,734] {logging_mixin.py:104} INFO - [2023-03-19 19:14:03,734] {dag.py:1833} INFO - Sync 1 DAGs
[2023-03-19 19:14:03,770] {logging_mixin.py:104} INFO - [2023-03-19 19:14:03,770] {dag.py:2306} INFO - Setting next_dagrun for my_dag to 2023-03-18 00:00:00+00:00
[2023-03-19 19:14:03,791] {scheduler_job.py:190} INFO - Processing /opt/airflow/dags/my_dag.py took 0.156 seconds
[2023-03-19 19:14:33,925] {scheduler_job.py:182} INFO - Started process (PID=472) to work on /opt/airflow/dags/my_dag.py
[2023-03-19 19:14:33,927] {scheduler_job.py:633} INFO - Processing file /opt/airflow/dags/my_dag.py for tasks to queue
[2023-03-19 19:14:33,928] {logging_mixin.py:104} INFO - [2023-03-19 19:14:33,928] {dagbag.py:496} INFO - Filling up the DagBag from /opt/airflow/dags/my_dag.py
[2023-03-19 19:14:33,967] {scheduler_job.py:643} INFO - DAG(s) dict_keys(['my_dag']) retrieved from /opt/airflow/dags/my_dag.py
[2023-03-19 19:14:34,024] {logging_mixin.py:104} INFO - [2023-03-19 19:14:34,024] {dag.py:1833} INFO - Sync 1 DAGs
[2023-03-19 19:14:34,124] {logging_mixin.py:104} INFO - [2023-03-19 19:14:34,124] {dag.py:2306} INFO - Setting next_dagrun for my_dag to 2023-03-18 00:00:00+00:00
[2023-03-19 19:14:34,131] {scheduler_job.py:190} INFO - Processing /opt/airflow/dags/my_dag.py took 0.223 seconds
[2023-03-19 19:15:04,253] {scheduler_job.py:182} INFO - Started process (PID=482) to work on /opt/airflow/dags/my_dag.py
[2023-03-19 19:15:04,254] {scheduler_job.py:633} INFO - Processing file /opt/airflow/dags/my_dag.py for tasks to queue
[2023-03-19 19:15:04,255] {logging_mixin.py:104} INFO - [2023-03-19 19:15:04,255] {dagbag.py:496} INFO - Filling up the DagBag from /opt/airflow/dags/my_dag.py
[2023-03-19 19:15:04,283] {scheduler_job.py:643} INFO - DAG(s) dict_keys(['my_dag']) retrieved from /opt/airflow/dags/my_dag.py
[2023-03-19 19:15:04,312] {logging_mixin.py:104} INFO - [2023-03-19 19:15:04,312] {dag.py:1833} INFO - Sync 1 DAGs
[2023-03-19 19:15:04,351] {logging_mixin.py:104} INFO - [2023-03-19 19:15:04,351] {dag.py:2306} INFO - Setting next_dagrun for my_dag to 2023-03-18 00:00:00+00:00
[2023-03-19 19:15:04,364] {scheduler_job.py:190} INFO - Processing /opt/airflow/dags/my_dag.py took 0.119 seconds
[2023-03-19 19:15:34,509] {scheduler_job.py:182} INFO - Started process (PID=492) to work on /opt/airflow/dags/my_dag.py
[2023-03-19 19:15:34,511] {scheduler_job.py:633} INFO - Processing file /opt/airflow/dags/my_dag.py for tasks to queue
[2023-03-19 19:15:34,513] {logging_mixin.py:104} INFO - [2023-03-19 19:15:34,513] {dagbag.py:496} INFO - Filling up the DagBag from /opt/airflow/dags/my_dag.py
[2023-03-19 19:15:34,539] {scheduler_job.py:643} INFO - DAG(s) dict_keys(['my_dag']) retrieved from /opt/airflow/dags/my_dag.py
[2023-03-19 19:15:34,562] {logging_mixin.py:104} INFO - [2023-03-19 19:15:34,562] {dag.py:1833} INFO - Sync 1 DAGs
[2023-03-19 19:15:34,608] {logging_mixin.py:104} INFO - [2023-03-19 19:15:34,608] {dag.py:2306} INFO - Setting next_dagrun for my_dag to 2023-03-18 00:00:00+00:00
[2023-03-19 19:15:34,620] {scheduler_job.py:190} INFO - Processing /opt/airflow/dags/my_dag.py took 0.124 seconds
[2023-03-19 19:16:04,759] {scheduler_job.py:182} INFO - Started process (PID=502) to work on /opt/airflow/dags/my_dag.py
[2023-03-19 19:16:04,763] {scheduler_job.py:633} INFO - Processing file /opt/airflow/dags/my_dag.py for tasks to queue
[2023-03-19 19:16:04,766] {logging_mixin.py:104} INFO - [2023-03-19 19:16:04,765] {dagbag.py:496} INFO - Filling up the DagBag from /opt/airflow/dags/my_dag.py
[2023-03-19 19:16:04,810] {scheduler_job.py:643} INFO - DAG(s) dict_keys(['my_dag']) retrieved from /opt/airflow/dags/my_dag.py
[2023-03-19 19:16:04,853] {logging_mixin.py:104} INFO - [2023-03-19 19:16:04,853] {dag.py:1833} INFO - Sync 1 DAGs
[2023-03-19 19:16:04,883] {logging_mixin.py:104} INFO - [2023-03-19 19:16:04,883] {dag.py:2306} INFO - Setting next_dagrun for my_dag to 2023-03-18 00:00:00+00:00
[2023-03-19 19:16:04,905] {scheduler_job.py:190} INFO - Processing /opt/airflow/dags/my_dag.py took 0.151 seconds
[2023-03-19 19:16:35,049] {scheduler_job.py:182} INFO - Started process (PID=512) to work on /opt/airflow/dags/my_dag.py
[2023-03-19 19:16:35,052] {scheduler_job.py:633} INFO - Processing file /opt/airflow/dags/my_dag.py for tasks to queue
[2023-03-19 19:16:35,052] {logging_mixin.py:104} INFO - [2023-03-19 19:16:35,052] {dagbag.py:496} INFO - Filling up the DagBag from /opt/airflow/dags/my_dag.py
[2023-03-19 19:16:35,074] {scheduler_job.py:643} INFO - DAG(s) dict_keys(['my_dag']) retrieved from /opt/airflow/dags/my_dag.py
[2023-03-19 19:16:35,127] {logging_mixin.py:104} INFO - [2023-03-19 19:16:35,127] {dag.py:1833} INFO - Sync 1 DAGs
[2023-03-19 19:16:35,155] {logging_mixin.py:104} INFO - [2023-03-19 19:16:35,155] {dag.py:2306} INFO - Setting next_dagrun for my_dag to 2023-03-18 00:00:00+00:00
[2023-03-19 19:16:35,172] {scheduler_job.py:190} INFO - Processing /opt/airflow/dags/my_dag.py took 0.128 seconds
[2023-03-19 19:17:05,289] {scheduler_job.py:182} INFO - Started process (PID=522) to work on /opt/airflow/dags/my_dag.py
[2023-03-19 19:17:05,295] {scheduler_job.py:633} INFO - Processing file /opt/airflow/dags/my_dag.py for tasks to queue
[2023-03-19 19:17:05,298] {logging_mixin.py:104} INFO - [2023-03-19 19:17:05,297] {dagbag.py:496} INFO - Filling up the DagBag from /opt/airflow/dags/my_dag.py
[2023-03-19 19:17:05,318] {scheduler_job.py:643} INFO - DAG(s) dict_keys(['my_dag']) retrieved from /opt/airflow/dags/my_dag.py
[2023-03-19 19:17:05,385] {logging_mixin.py:104} INFO - [2023-03-19 19:17:05,384] {dag.py:1833} INFO - Sync 1 DAGs
[2023-03-19 19:17:05,424] {logging_mixin.py:104} INFO - [2023-03-19 19:17:05,424] {dag.py:2306} INFO - Setting next_dagrun for my_dag to 2023-03-18 00:00:00+00:00
[2023-03-19 19:17:05,438] {scheduler_job.py:190} INFO - Processing /opt/airflow/dags/my_dag.py took 0.153 seconds
[2023-03-19 19:17:35,549] {scheduler_job.py:182} INFO - Started process (PID=532) to work on /opt/airflow/dags/my_dag.py
[2023-03-19 19:17:35,552] {scheduler_job.py:633} INFO - Processing file /opt/airflow/dags/my_dag.py for tasks to queue
[2023-03-19 19:17:35,553] {logging_mixin.py:104} INFO - [2023-03-19 19:17:35,552] {dagbag.py:496} INFO - Filling up the DagBag from /opt/airflow/dags/my_dag.py
[2023-03-19 19:17:35,562] {scheduler_job.py:643} INFO - DAG(s) dict_keys(['my_dag']) retrieved from /opt/airflow/dags/my_dag.py
[2023-03-19 19:17:35,618] {logging_mixin.py:104} INFO - [2023-03-19 19:17:35,617] {dag.py:1833} INFO - Sync 1 DAGs
[2023-03-19 19:17:35,655] {logging_mixin.py:104} INFO - [2023-03-19 19:17:35,655] {dag.py:2306} INFO - Setting next_dagrun for my_dag to 2023-03-18 00:00:00+00:00
[2023-03-19 19:17:35,672] {scheduler_job.py:190} INFO - Processing /opt/airflow/dags/my_dag.py took 0.128 seconds
[2023-03-19 19:18:05,763] {scheduler_job.py:182} INFO - Started process (PID=542) to work on /opt/airflow/dags/my_dag.py
[2023-03-19 19:18:05,766] {scheduler_job.py:633} INFO - Processing file /opt/airflow/dags/my_dag.py for tasks to queue
[2023-03-19 19:18:05,768] {logging_mixin.py:104} INFO - [2023-03-19 19:18:05,768] {dagbag.py:496} INFO - Filling up the DagBag from /opt/airflow/dags/my_dag.py
[2023-03-19 19:18:05,789] {scheduler_job.py:643} INFO - DAG(s) dict_keys(['my_dag']) retrieved from /opt/airflow/dags/my_dag.py
[2023-03-19 19:18:05,811] {logging_mixin.py:104} INFO - [2023-03-19 19:18:05,811] {dag.py:1833} INFO - Sync 1 DAGs
[2023-03-19 19:18:05,830] {logging_mixin.py:104} INFO - [2023-03-19 19:18:05,830] {dag.py:2306} INFO - Setting next_dagrun for my_dag to 2023-03-18 00:00:00+00:00
[2023-03-19 19:18:05,851] {scheduler_job.py:190} INFO - Processing /opt/airflow/dags/my_dag.py took 0.102 seconds
[2023-03-19 19:18:35,942] {scheduler_job.py:182} INFO - Started process (PID=552) to work on /opt/airflow/dags/my_dag.py
[2023-03-19 19:18:35,945] {scheduler_job.py:633} INFO - Processing file /opt/airflow/dags/my_dag.py for tasks to queue
[2023-03-19 19:18:35,947] {logging_mixin.py:104} INFO - [2023-03-19 19:18:35,947] {dagbag.py:496} INFO - Filling up the DagBag from /opt/airflow/dags/my_dag.py
[2023-03-19 19:18:35,982] {scheduler_job.py:643} INFO - DAG(s) dict_keys(['my_dag']) retrieved from /opt/airflow/dags/my_dag.py
[2023-03-19 19:18:36,015] {logging_mixin.py:104} INFO - [2023-03-19 19:18:36,014] {dag.py:1833} INFO - Sync 1 DAGs
[2023-03-19 19:18:36,037] {logging_mixin.py:104} INFO - [2023-03-19 19:18:36,037] {dag.py:2306} INFO - Setting next_dagrun for my_dag to 2023-03-18 00:00:00+00:00
[2023-03-19 19:18:36,057] {scheduler_job.py:190} INFO - Processing /opt/airflow/dags/my_dag.py took 0.130 seconds
[2023-03-19 19:19:06,189] {scheduler_job.py:182} INFO - Started process (PID=562) to work on /opt/airflow/dags/my_dag.py
[2023-03-19 19:19:06,190] {scheduler_job.py:633} INFO - Processing file /opt/airflow/dags/my_dag.py for tasks to queue
[2023-03-19 19:19:06,190] {logging_mixin.py:104} INFO - [2023-03-19 19:19:06,190] {dagbag.py:496} INFO - Filling up the DagBag from /opt/airflow/dags/my_dag.py
[2023-03-19 19:19:06,209] {scheduler_job.py:643} INFO - DAG(s) dict_keys(['my_dag']) retrieved from /opt/airflow/dags/my_dag.py
[2023-03-19 19:19:06,251] {logging_mixin.py:104} INFO - [2023-03-19 19:19:06,251] {dag.py:1833} INFO - Sync 1 DAGs
[2023-03-19 19:19:06,285] {logging_mixin.py:104} INFO - [2023-03-19 19:19:06,285] {dag.py:2306} INFO - Setting next_dagrun for my_dag to 2023-03-18 00:00:00+00:00
[2023-03-19 19:19:06,310] {scheduler_job.py:190} INFO - Processing /opt/airflow/dags/my_dag.py took 0.125 seconds
[2023-03-19 19:19:36,407] {scheduler_job.py:182} INFO - Started process (PID=572) to work on /opt/airflow/dags/my_dag.py
[2023-03-19 19:19:36,411] {scheduler_job.py:633} INFO - Processing file /opt/airflow/dags/my_dag.py for tasks to queue
[2023-03-19 19:19:36,413] {logging_mixin.py:104} INFO - [2023-03-19 19:19:36,412] {dagbag.py:496} INFO - Filling up the DagBag from /opt/airflow/dags/my_dag.py
[2023-03-19 19:19:36,436] {scheduler_job.py:643} INFO - DAG(s) dict_keys(['my_dag']) retrieved from /opt/airflow/dags/my_dag.py
[2023-03-19 19:19:36,475] {logging_mixin.py:104} INFO - [2023-03-19 19:19:36,475] {dag.py:1833} INFO - Sync 1 DAGs
[2023-03-19 19:19:36,508] {logging_mixin.py:104} INFO - [2023-03-19 19:19:36,508] {dag.py:2306} INFO - Setting next_dagrun for my_dag to 2023-03-18 00:00:00+00:00
[2023-03-19 19:19:36,529] {scheduler_job.py:190} INFO - Processing /opt/airflow/dags/my_dag.py took 0.142 seconds
[2023-03-19 19:20:06,640] {scheduler_job.py:182} INFO - Started process (PID=582) to work on /opt/airflow/dags/my_dag.py
[2023-03-19 19:20:06,641] {scheduler_job.py:633} INFO - Processing file /opt/airflow/dags/my_dag.py for tasks to queue
[2023-03-19 19:20:06,642] {logging_mixin.py:104} INFO - [2023-03-19 19:20:06,642] {dagbag.py:496} INFO - Filling up the DagBag from /opt/airflow/dags/my_dag.py
[2023-03-19 19:20:06,651] {scheduler_job.py:643} INFO - DAG(s) dict_keys(['my_dag']) retrieved from /opt/airflow/dags/my_dag.py
[2023-03-19 19:20:06,693] {logging_mixin.py:104} INFO - [2023-03-19 19:20:06,693] {dag.py:1833} INFO - Sync 1 DAGs
[2023-03-19 19:20:06,730] {logging_mixin.py:104} INFO - [2023-03-19 19:20:06,730] {dag.py:2306} INFO - Setting next_dagrun for my_dag to 2023-03-18 00:00:00+00:00
[2023-03-19 19:20:06,752] {scheduler_job.py:190} INFO - Processing /opt/airflow/dags/my_dag.py took 0.125 seconds
